Archive Project report for SeaQuestTrig1
Mon Jan 06 12:20:31 2014
Quartus II Version 9.1 Build 222 10/21/2009 SJ Web Edition


---------------------
; Table of Contents ;
---------------------
  1. Legal Notice
  2. Archive Project Summary
  3. Archive Project Messages
  4. Files Archived



----------------
; Legal Notice ;
----------------
Copyright (C) 1991-2009 Altera Corporation
Your use of Altera Corporation's design tools, logic functions 
and other software and tools, and its AMPP partner logic 
functions, and any output files from any of the foregoing 
(including device programming or simulation files), and any 
associated documentation or information are expressly subject 
to the terms and conditions of the Altera Program License 
Subscription Agreement, Altera MegaCore Function License 
Agreement, or other applicable license agreement, including, 
without limitation, that your use is for the sole purpose of 
programming logic devices manufactured by Altera and sold by 
Altera or its authorized distributors.  Please refer to the 
applicable agreement for further details.



+----------------------------------------------------------------+
; Archive Project Summary                                        ;
+------------------------+---------------------------------------+
; Archive Project Status ; Successful - Mon Jan 06 12:20:31 2014 ;
; Revision Name          ; SeaQuestTrig1                         ;
; Top-level Entity Name  ; SeaQuestTrig1                         ;
; Family                 ; Cyclone                               ;
+------------------------+---------------------------------------+


+--------------------------+
; Archive Project Messages ;
+--------------------------+
Info: File Set 'Compilation Results' contains:
    Info: Project source and settings files
    Info: Automatically detected source files
    Info: Report files
    Info: Programming output files
    Info: Compilation database files (only usable in Quartus II Version 9.1 Build 222 10/21/2009 SJ Web Edition)
    Info: Incremental compilation database files
Info: ----------------------------------------------------------
Info: ----------------------------------------------------------
Info: Generated archive 'best.qar'
Info: ----------------------------------------------------------
Info: ----------------------------------------------------------
Info: Generated report 'SeaQuestTrig1.archive.rpt'


+-------------------------------------------------------------------------+
; Files Archived                                                          ;
+-------------------------------------------------------------------------+
; File Name                                                               ;
+-------------------------------------------------------------------------+
; ../SeaQuestTrig1.vwf                                                    ;
; altpll0.bsf                                                             ;
; altpll0.inc                                                             ;
; altpll0.ppf                                                             ;
; altpll0.qip                                                             ;
; altpll0.tdf                                                             ;
; altpll1.bsf                                                             ;
; altpll1.cmp                                                             ;
; altpll1.ppf                                                             ;
; altpll1.qip                                                             ;
; altpll1.tdf                                                             ;
; C:/Users/melevan/Desktop/QUARTUS/460/V1495_USER_DEMO/SeaQuestTrig1.vwf  ;
; ChTK4nsOut.bdf                                                          ;
; ChTK16nsB.bdf                                                           ;
; ChTK32nsOut.bdf                                                         ;
; ChTSCount3.bdf                                                          ;
; code_450.vhd                                                            ;
; code_460.vhd                                                            ;
; coin_logic.vhd                                                          ;
; coin_logic_test.vhd                                                     ;
; coin_reference.vhd                                                      ;
; db/SeaQuestTrig1.(0).cnf.cdb                                            ;
; db/SeaQuestTrig1.(0).cnf.hdb                                            ;
; db/SeaQuestTrig1.(1).cnf.cdb                                            ;
; db/SeaQuestTrig1.(1).cnf.hdb                                            ;
; db/SeaQuestTrig1.(2).cnf.cdb                                            ;
; db/SeaQuestTrig1.(2).cnf.hdb                                            ;
; db/SeaQuestTrig1.(3).cnf.cdb                                            ;
; db/SeaQuestTrig1.(3).cnf.hdb                                            ;
; db/SeaQuestTrig1.(4).cnf.cdb                                            ;
; db/SeaQuestTrig1.(4).cnf.hdb                                            ;
; db/SeaQuestTrig1.(5).cnf.cdb                                            ;
; db/SeaQuestTrig1.(5).cnf.hdb                                            ;
; db/SeaQuestTrig1.(6).cnf.cdb                                            ;
; db/SeaQuestTrig1.(6).cnf.hdb                                            ;
; db/SeaQuestTrig1.(7).cnf.cdb                                            ;
; db/SeaQuestTrig1.(7).cnf.hdb                                            ;
; db/SeaQuestTrig1.(8).cnf.cdb                                            ;
; db/SeaQuestTrig1.(8).cnf.hdb                                            ;
; db/SeaQuestTrig1.(9).cnf.cdb                                            ;
; db/SeaQuestTrig1.(9).cnf.hdb                                            ;
; db/SeaQuestTrig1.(10).cnf.cdb                                           ;
; db/SeaQuestTrig1.(10).cnf.hdb                                           ;
; db/SeaQuestTrig1.(11).cnf.cdb                                           ;
; db/SeaQuestTrig1.(11).cnf.hdb                                           ;
; db/SeaQuestTrig1.(12).cnf.cdb                                           ;
; db/SeaQuestTrig1.(12).cnf.hdb                                           ;
; db/SeaQuestTrig1.(13).cnf.cdb                                           ;
; db/SeaQuestTrig1.(13).cnf.hdb                                           ;
; db/SeaQuestTrig1.(14).cnf.cdb                                           ;
; db/SeaQuestTrig1.(14).cnf.hdb                                           ;
; db/SeaQuestTrig1.(15).cnf.cdb                                           ;
; db/SeaQuestTrig1.(15).cnf.hdb                                           ;
; db/SeaQuestTrig1.(16).cnf.cdb                                           ;
; db/SeaQuestTrig1.(16).cnf.hdb                                           ;
; db/SeaQuestTrig1.(17).cnf.cdb                                           ;
; db/SeaQuestTrig1.(17).cnf.hdb                                           ;
; db/SeaQuestTrig1.(18).cnf.cdb                                           ;
; db/SeaQuestTrig1.(18).cnf.hdb                                           ;
; db/SeaQuestTrig1.(19).cnf.cdb                                           ;
; db/SeaQuestTrig1.(19).cnf.hdb                                           ;
; db/SeaQuestTrig1.(20).cnf.cdb                                           ;
; db/SeaQuestTrig1.(20).cnf.hdb                                           ;
; db/SeaQuestTrig1.(21).cnf.cdb                                           ;
; db/SeaQuestTrig1.(21).cnf.hdb                                           ;
; db/SeaQuestTrig1.(22).cnf.cdb                                           ;
; db/SeaQuestTrig1.(22).cnf.hdb                                           ;
; db/SeaQuestTrig1.(23).cnf.cdb                                           ;
; db/SeaQuestTrig1.(23).cnf.hdb                                           ;
; db/SeaQuestTrig1.(24).cnf.cdb                                           ;
; db/SeaQuestTrig1.(24).cnf.hdb                                           ;
; db/SeaQuestTrig1.(25).cnf.cdb                                           ;
; db/SeaQuestTrig1.(25).cnf.hdb                                           ;
; db/SeaQuestTrig1.(26).cnf.cdb                                           ;
; db/SeaQuestTrig1.(26).cnf.hdb                                           ;
; db/SeaQuestTrig1.(27).cnf.cdb                                           ;
; db/SeaQuestTrig1.(27).cnf.hdb                                           ;
; db/SeaQuestTrig1.(28).cnf.cdb                                           ;
; db/SeaQuestTrig1.(28).cnf.hdb                                           ;
; db/SeaQuestTrig1.(29).cnf.cdb                                           ;
; db/SeaQuestTrig1.(29).cnf.hdb                                           ;
; db/SeaQuestTrig1.(30).cnf.cdb                                           ;
; db/SeaQuestTrig1.(30).cnf.hdb                                           ;
; db/SeaQuestTrig1.(31).cnf.cdb                                           ;
; db/SeaQuestTrig1.(31).cnf.hdb                                           ;
; db/SeaQuestTrig1.(32).cnf.cdb                                           ;
; db/SeaQuestTrig1.(32).cnf.hdb                                           ;
; db/SeaQuestTrig1.(33).cnf.cdb                                           ;
; db/SeaQuestTrig1.(33).cnf.hdb                                           ;
; db/SeaQuestTrig1.(34).cnf.cdb                                           ;
; db/SeaQuestTrig1.(34).cnf.hdb                                           ;
; db/SeaQuestTrig1.(35).cnf.cdb                                           ;
; db/SeaQuestTrig1.(35).cnf.hdb                                           ;
; db/SeaQuestTrig1.(36).cnf.cdb                                           ;
; db/SeaQuestTrig1.(36).cnf.hdb                                           ;
; db/SeaQuestTrig1.(37).cnf.cdb                                           ;
; db/SeaQuestTrig1.(37).cnf.hdb                                           ;
; db/SeaQuestTrig1.(38).cnf.cdb                                           ;
; db/SeaQuestTrig1.(38).cnf.hdb                                           ;
; db/SeaQuestTrig1.(39).cnf.cdb                                           ;
; db/SeaQuestTrig1.(39).cnf.hdb                                           ;
; db/SeaQuestTrig1.(40).cnf.cdb                                           ;
; db/SeaQuestTrig1.(40).cnf.hdb                                           ;
; db/SeaQuestTrig1.(41).cnf.cdb                                           ;
; db/SeaQuestTrig1.(41).cnf.hdb                                           ;
; db/SeaQuestTrig1.(42).cnf.cdb                                           ;
; db/SeaQuestTrig1.(42).cnf.hdb                                           ;
; db/SeaQuestTrig1.(43).cnf.cdb                                           ;
; db/SeaQuestTrig1.(43).cnf.hdb                                           ;
; db/SeaQuestTrig1.(44).cnf.cdb                                           ;
; db/SeaQuestTrig1.(44).cnf.hdb                                           ;
; db/SeaQuestTrig1.(45).cnf.cdb                                           ;
; db/SeaQuestTrig1.(45).cnf.hdb                                           ;
; db/SeaQuestTrig1.(46).cnf.cdb                                           ;
; db/SeaQuestTrig1.(46).cnf.hdb                                           ;
; db/SeaQuestTrig1.(47).cnf.cdb                                           ;
; db/SeaQuestTrig1.(47).cnf.hdb                                           ;
; db/SeaQuestTrig1.(48).cnf.cdb                                           ;
; db/SeaQuestTrig1.(48).cnf.hdb                                           ;
; db/SeaQuestTrig1.(49).cnf.cdb                                           ;
; db/SeaQuestTrig1.(49).cnf.hdb                                           ;
; db/SeaQuestTrig1.(50).cnf.cdb                                           ;
; db/SeaQuestTrig1.(50).cnf.hdb                                           ;
; db/SeaQuestTrig1.(51).cnf.cdb                                           ;
; db/SeaQuestTrig1.(51).cnf.hdb                                           ;
; db/SeaQuestTrig1.(52).cnf.cdb                                           ;
; db/SeaQuestTrig1.(52).cnf.hdb                                           ;
; db/SeaQuestTrig1.(53).cnf.cdb                                           ;
; db/SeaQuestTrig1.(53).cnf.hdb                                           ;
; db/SeaQuestTrig1.(54).cnf.cdb                                           ;
; db/SeaQuestTrig1.(54).cnf.hdb                                           ;
; db/SeaQuestTrig1.(55).cnf.cdb                                           ;
; db/SeaQuestTrig1.(55).cnf.hdb                                           ;
; db/SeaQuestTrig1.(56).cnf.cdb                                           ;
; db/SeaQuestTrig1.(56).cnf.hdb                                           ;
; db/SeaQuestTrig1.(57).cnf.cdb                                           ;
; db/SeaQuestTrig1.(57).cnf.hdb                                           ;
; db/SeaQuestTrig1.(58).cnf.cdb                                           ;
; db/SeaQuestTrig1.(58).cnf.hdb                                           ;
; db/SeaQuestTrig1.(59).cnf.cdb                                           ;
; db/SeaQuestTrig1.(59).cnf.hdb                                           ;
; db/SeaQuestTrig1.(60).cnf.cdb                                           ;
; db/SeaQuestTrig1.(60).cnf.hdb                                           ;
; db/SeaQuestTrig1.(61).cnf.cdb                                           ;
; db/SeaQuestTrig1.(61).cnf.hdb                                           ;
; db/SeaQuestTrig1.(62).cnf.cdb                                           ;
; db/SeaQuestTrig1.(62).cnf.hdb                                           ;
; db/SeaQuestTrig1.(63).cnf.cdb                                           ;
; db/SeaQuestTrig1.(63).cnf.hdb                                           ;
; db/SeaQuestTrig1.(64).cnf.cdb                                           ;
; db/SeaQuestTrig1.(64).cnf.hdb                                           ;
; db/SeaQuestTrig1.(65).cnf.cdb                                           ;
; db/SeaQuestTrig1.(65).cnf.hdb                                           ;
; db/SeaQuestTrig1.(66).cnf.cdb                                           ;
; db/SeaQuestTrig1.(66).cnf.hdb                                           ;
; db/SeaQuestTrig1.(67).cnf.cdb                                           ;
; db/SeaQuestTrig1.(67).cnf.hdb                                           ;
; db/SeaQuestTrig1.(68).cnf.cdb                                           ;
; db/SeaQuestTrig1.(68).cnf.hdb                                           ;
; db/SeaQuestTrig1.(69).cnf.cdb                                           ;
; db/SeaQuestTrig1.(69).cnf.hdb                                           ;
; db/SeaQuestTrig1.(70).cnf.cdb                                           ;
; db/SeaQuestTrig1.(70).cnf.hdb                                           ;
; db/SeaQuestTrig1.(71).cnf.cdb                                           ;
; db/SeaQuestTrig1.(71).cnf.hdb                                           ;
; db/SeaQuestTrig1.(72).cnf.cdb                                           ;
; db/SeaQuestTrig1.(72).cnf.hdb                                           ;
; db/SeaQuestTrig1.(73).cnf.cdb                                           ;
; db/SeaQuestTrig1.(73).cnf.hdb                                           ;
; db/SeaQuestTrig1.(74).cnf.cdb                                           ;
; db/SeaQuestTrig1.(74).cnf.hdb                                           ;
; db/SeaQuestTrig1.(75).cnf.cdb                                           ;
; db/SeaQuestTrig1.(75).cnf.hdb                                           ;
; db/SeaQuestTrig1.(76).cnf.cdb                                           ;
; db/SeaQuestTrig1.(76).cnf.hdb                                           ;
; db/SeaQuestTrig1.(77).cnf.cdb                                           ;
; db/SeaQuestTrig1.(77).cnf.hdb                                           ;
; db/SeaQuestTrig1.(78).cnf.cdb                                           ;
; db/SeaQuestTrig1.(78).cnf.hdb                                           ;
; db/SeaQuestTrig1.(79).cnf.cdb                                           ;
; db/SeaQuestTrig1.(79).cnf.hdb                                           ;
; db/SeaQuestTrig1.(80).cnf.cdb                                           ;
; db/SeaQuestTrig1.(80).cnf.hdb                                           ;
; db/SeaQuestTrig1.(81).cnf.cdb                                           ;
; db/SeaQuestTrig1.(81).cnf.hdb                                           ;
; db/SeaQuestTrig1.(82).cnf.cdb                                           ;
; db/SeaQuestTrig1.(82).cnf.hdb                                           ;
; db/SeaQuestTrig1.(83).cnf.cdb                                           ;
; db/SeaQuestTrig1.(83).cnf.hdb                                           ;
; db/SeaQuestTrig1.(84).cnf.cdb                                           ;
; db/SeaQuestTrig1.(84).cnf.hdb                                           ;
; db/SeaQuestTrig1.(85).cnf.cdb                                           ;
; db/SeaQuestTrig1.(85).cnf.hdb                                           ;
; db/SeaQuestTrig1.(86).cnf.cdb                                           ;
; db/SeaQuestTrig1.(86).cnf.hdb                                           ;
; db/SeaQuestTrig1.(87).cnf.cdb                                           ;
; db/SeaQuestTrig1.(87).cnf.hdb                                           ;
; db/SeaQuestTrig1.(88).cnf.cdb                                           ;
; db/SeaQuestTrig1.(88).cnf.hdb                                           ;
; db/SeaQuestTrig1.(89).cnf.cdb                                           ;
; db/SeaQuestTrig1.(89).cnf.hdb                                           ;
; db/SeaQuestTrig1.(90).cnf.cdb                                           ;
; db/SeaQuestTrig1.(90).cnf.hdb                                           ;
; db/SeaQuestTrig1.(91).cnf.cdb                                           ;
; db/SeaQuestTrig1.(91).cnf.hdb                                           ;
; db/SeaQuestTrig1.(92).cnf.cdb                                           ;
; db/SeaQuestTrig1.(92).cnf.hdb                                           ;
; db/SeaQuestTrig1.(93).cnf.cdb                                           ;
; db/SeaQuestTrig1.(93).cnf.hdb                                           ;
; db/SeaQuestTrig1.(94).cnf.cdb                                           ;
; db/SeaQuestTrig1.(94).cnf.hdb                                           ;
; db/SeaQuestTrig1.(95).cnf.cdb                                           ;
; db/SeaQuestTrig1.(95).cnf.hdb                                           ;
; db/SeaQuestTrig1.(96).cnf.cdb                                           ;
; db/SeaQuestTrig1.(96).cnf.hdb                                           ;
; db/SeaQuestTrig1.(97).cnf.cdb                                           ;
; db/SeaQuestTrig1.(97).cnf.hdb                                           ;
; db/SeaQuestTrig1.(98).cnf.cdb                                           ;
; db/SeaQuestTrig1.(98).cnf.hdb                                           ;
; db/SeaQuestTrig1.(99).cnf.cdb                                           ;
; db/SeaQuestTrig1.(99).cnf.hdb                                           ;
; db/SeaQuestTrig1.(100).cnf.cdb                                          ;
; db/SeaQuestTrig1.(100).cnf.hdb                                          ;
; db/SeaQuestTrig1.(101).cnf.cdb                                          ;
; db/SeaQuestTrig1.(101).cnf.hdb                                          ;
; db/SeaQuestTrig1.(102).cnf.cdb                                          ;
; db/SeaQuestTrig1.(102).cnf.hdb                                          ;
; db/SeaQuestTrig1.(103).cnf.cdb                                          ;
; db/SeaQuestTrig1.(103).cnf.hdb                                          ;
; db/SeaQuestTrig1.(104).cnf.cdb                                          ;
; db/SeaQuestTrig1.(104).cnf.hdb                                          ;
; db/SeaQuestTrig1.(105).cnf.cdb                                          ;
; db/SeaQuestTrig1.(105).cnf.hdb                                          ;
; db/SeaQuestTrig1.(106).cnf.cdb                                          ;
; db/SeaQuestTrig1.(106).cnf.hdb                                          ;
; db/SeaQuestTrig1.(107).cnf.cdb                                          ;
; db/SeaQuestTrig1.(107).cnf.hdb                                          ;
; db/SeaQuestTrig1.(108).cnf.cdb                                          ;
; db/SeaQuestTrig1.(108).cnf.hdb                                          ;
; db/SeaQuestTrig1.(109).cnf.cdb                                          ;
; db/SeaQuestTrig1.(109).cnf.hdb                                          ;
; db/SeaQuestTrig1.(110).cnf.cdb                                          ;
; db/SeaQuestTrig1.(110).cnf.hdb                                          ;
; db/SeaQuestTrig1.(111).cnf.cdb                                          ;
; db/SeaQuestTrig1.(111).cnf.hdb                                          ;
; db/SeaQuestTrig1.(112).cnf.cdb                                          ;
; db/SeaQuestTrig1.(112).cnf.hdb                                          ;
; db/SeaQuestTrig1.(113).cnf.cdb                                          ;
; db/SeaQuestTrig1.(113).cnf.hdb                                          ;
; db/SeaQuestTrig1.(114).cnf.cdb                                          ;
; db/SeaQuestTrig1.(114).cnf.hdb                                          ;
; db/SeaQuestTrig1.(115).cnf.cdb                                          ;
; db/SeaQuestTrig1.(115).cnf.hdb                                          ;
; db/SeaQuestTrig1.(116).cnf.cdb                                          ;
; db/SeaQuestTrig1.(116).cnf.hdb                                          ;
; db/SeaQuestTrig1.(117).cnf.cdb                                          ;
; db/SeaQuestTrig1.(117).cnf.hdb                                          ;
; db/SeaQuestTrig1.(118).cnf.cdb                                          ;
; db/SeaQuestTrig1.(118).cnf.hdb                                          ;
; db/SeaQuestTrig1.(119).cnf.cdb                                          ;
; db/SeaQuestTrig1.(119).cnf.hdb                                          ;
; db/SeaQuestTrig1.(120).cnf.cdb                                          ;
; db/SeaQuestTrig1.(120).cnf.hdb                                          ;
; db/SeaQuestTrig1.(121).cnf.cdb                                          ;
; db/SeaQuestTrig1.(121).cnf.hdb                                          ;
; db/SeaQuestTrig1.(122).cnf.cdb                                          ;
; db/SeaQuestTrig1.(122).cnf.hdb                                          ;
; db/SeaQuestTrig1.(123).cnf.cdb                                          ;
; db/SeaQuestTrig1.(123).cnf.hdb                                          ;
; db/SeaQuestTrig1.(124).cnf.cdb                                          ;
; db/SeaQuestTrig1.(124).cnf.hdb                                          ;
; db/SeaQuestTrig1.(125).cnf.cdb                                          ;
; db/SeaQuestTrig1.(125).cnf.hdb                                          ;
; db/SeaQuestTrig1.(126).cnf.cdb                                          ;
; db/SeaQuestTrig1.(126).cnf.hdb                                          ;
; db/SeaQuestTrig1.(127).cnf.cdb                                          ;
; db/SeaQuestTrig1.(127).cnf.hdb                                          ;
; db/SeaQuestTrig1.(128).cnf.cdb                                          ;
; db/SeaQuestTrig1.(128).cnf.hdb                                          ;
; db/SeaQuestTrig1.(129).cnf.cdb                                          ;
; db/SeaQuestTrig1.(129).cnf.hdb                                          ;
; db/SeaQuestTrig1.(130).cnf.cdb                                          ;
; db/SeaQuestTrig1.(130).cnf.hdb                                          ;
; db/SeaQuestTrig1.(131).cnf.cdb                                          ;
; db/SeaQuestTrig1.(131).cnf.hdb                                          ;
; db/SeaQuestTrig1.(132).cnf.cdb                                          ;
; db/SeaQuestTrig1.(132).cnf.hdb                                          ;
; db/SeaQuestTrig1.(133).cnf.cdb                                          ;
; db/SeaQuestTrig1.(133).cnf.hdb                                          ;
; db/SeaQuestTrig1.(134).cnf.cdb                                          ;
; db/SeaQuestTrig1.(134).cnf.hdb                                          ;
; db/SeaQuestTrig1.(135).cnf.cdb                                          ;
; db/SeaQuestTrig1.(135).cnf.hdb                                          ;
; db/SeaQuestTrig1.(136).cnf.cdb                                          ;
; db/SeaQuestTrig1.(136).cnf.hdb                                          ;
; db/SeaQuestTrig1.(137).cnf.cdb                                          ;
; db/SeaQuestTrig1.(137).cnf.hdb                                          ;
; db/SeaQuestTrig1.(138).cnf.cdb                                          ;
; db/SeaQuestTrig1.(138).cnf.hdb                                          ;
; db/SeaQuestTrig1.(139).cnf.cdb                                          ;
; db/SeaQuestTrig1.(139).cnf.hdb                                          ;
; db/SeaQuestTrig1.(140).cnf.cdb                                          ;
; db/SeaQuestTrig1.(140).cnf.hdb                                          ;
; db/SeaQuestTrig1.(141).cnf.cdb                                          ;
; db/SeaQuestTrig1.(141).cnf.hdb                                          ;
; db/SeaQuestTrig1.(142).cnf.cdb                                          ;
; db/SeaQuestTrig1.(142).cnf.hdb                                          ;
; db/SeaQuestTrig1.(143).cnf.cdb                                          ;
; db/SeaQuestTrig1.(143).cnf.hdb                                          ;
; db/SeaQuestTrig1.archive.qmsg                                           ;
; db/SeaQuestTrig1.asm.qmsg                                               ;
; db/SeaQuestTrig1.asm.rdb                                                ;
; db/SeaQuestTrig1.cbx.xml                                                ;
; db/SeaQuestTrig1.cmp.cdb                                                ;
; db/SeaQuestTrig1.cmp.hdb                                                ;
; db/SeaQuestTrig1.cmp.kpt                                                ;
; db/SeaQuestTrig1.cmp.logdb                                              ;
; db/SeaQuestTrig1.cmp.qrpt                                               ;
; db/SeaQuestTrig1.cmp.rdb                                                ;
; db/SeaQuestTrig1.cmp.tdb                                                ;
; db/SeaQuestTrig1.cmp0.ddb                                               ;
; db/SeaQuestTrig1.db_info                                                ;
; db/SeaQuestTrig1.eco.cdb                                                ;
; db/SeaQuestTrig1.fit.qmsg                                               ;
; db/SeaQuestTrig1.hier_info                                              ;
; db/SeaQuestTrig1.hif                                                    ;
; db/SeaQuestTrig1.lpc.html                                               ;
; db/SeaQuestTrig1.lpc.rdb                                                ;
; db/SeaQuestTrig1.lpc.txt                                                ;
; db/SeaQuestTrig1.map.cdb                                                ;
; db/SeaQuestTrig1.map.hdb                                                ;
; db/SeaQuestTrig1.map.logdb                                              ;
; db/SeaQuestTrig1.map.qmsg                                               ;
; db/SeaQuestTrig1.pre_map.cdb                                            ;
; db/SeaQuestTrig1.pre_map.hdb                                            ;
; db/SeaQuestTrig1.rtlv.hdb                                               ;
; db/SeaQuestTrig1.rtlv_sg.cdb                                            ;
; db/SeaQuestTrig1.rtlv_sg_swap.cdb                                       ;
; db/SeaQuestTrig1.sgdiff.cdb                                             ;
; db/SeaQuestTrig1.sgdiff.hdb                                             ;
; db/SeaQuestTrig1.sld_design_entry.sci                                   ;
; db/SeaQuestTrig1.sld_design_entry_dsc.sci                               ;
; db/SeaQuestTrig1.smart_action.txt                                       ;
; db/SeaQuestTrig1.syn_hier_info                                          ;
; db/SeaQuestTrig1.tan.qmsg                                               ;
; db/SeaQuestTrig1.tis_db_list.ddb                                        ;
; db/SeaQuestTrig1.tmw_info                                               ;
; DelayMem1.mif                                                           ;
; DLYPW_IO3.bdf                                                           ;
; GRP4ch.bdf                                                              ;
; GRP32ch.bdf                                                             ;
; incremental_db/compiled_partitions/SeaQuestTrig1.root_partition.map.kpt ;
; lpm_add_sub0.bsf                                                        ;
; lpm_add_sub0.inc                                                        ;
; lpm_add_sub0.qip                                                        ;
; lpm_add_sub0.tdf                                                        ;
; lpm_add_sub1.bsf                                                        ;
; lpm_add_sub1.inc                                                        ;
; lpm_add_sub1.qip                                                        ;
; lpm_add_sub1.tdf                                                        ;
; lpm_add_sub2.bsf                                                        ;
; lpm_add_sub2.inc                                                        ;
; lpm_add_sub2.qip                                                        ;
; lpm_add_sub2.tdf                                                        ;
; lpm_add_sub3.bsf                                                        ;
; lpm_add_sub3.inc                                                        ;
; lpm_add_sub3.qip                                                        ;
; lpm_add_sub3.tdf                                                        ;
; lpm_add_sub4.bsf                                                        ;
; lpm_add_sub4.inc                                                        ;
; lpm_add_sub4.qip                                                        ;
; lpm_add_sub4.tdf                                                        ;
; lpm_add_sub5.bsf                                                        ;
; lpm_add_sub5.inc                                                        ;
; lpm_add_sub5.qip                                                        ;
; lpm_add_sub5.tdf                                                        ;
; lpm_add_sub6.bsf                                                        ;
; lpm_add_sub6.inc                                                        ;
; lpm_add_sub6.qip                                                        ;
; lpm_add_sub6.tdf                                                        ;
; lpm_compare0.bsf                                                        ;
; lpm_compare0.inc                                                        ;
; lpm_compare0.qip                                                        ;
; lpm_compare0.tdf                                                        ;
; lpm_compare1.bsf                                                        ;
; lpm_compare1.inc                                                        ;
; lpm_compare1.qip                                                        ;
; lpm_compare1.tdf                                                        ;
; lpm_compare2.bsf                                                        ;
; lpm_compare2.inc                                                        ;
; lpm_compare2.qip                                                        ;
; lpm_compare2.tdf                                                        ;
; lpm_compare3.bsf                                                        ;
; lpm_compare3.inc                                                        ;
; lpm_compare3.qip                                                        ;
; lpm_compare3.tdf                                                        ;
; lpm_counter0.bsf                                                        ;
; lpm_counter0.inc                                                        ;
; lpm_counter0.qip                                                        ;
; lpm_counter0.vhd                                                        ;
; lpm_counter1.bsf                                                        ;
; lpm_counter1.inc                                                        ;
; lpm_counter1.qip                                                        ;
; lpm_counter1.tdf                                                        ;
; lpm_counter2.bsf                                                        ;
; lpm_counter2.inc                                                        ;
; lpm_counter2.qip                                                        ;
; lpm_counter2.vhd                                                        ;
; lpm_counter3.bsf                                                        ;
; lpm_counter3.inc                                                        ;
; lpm_counter3.qip                                                        ;
; lpm_counter3.tdf                                                        ;
; lpm_counter4.bsf                                                        ;
; lpm_counter4.inc                                                        ;
; lpm_counter4.qip                                                        ;
; lpm_counter4.tdf                                                        ;
; lpm_counter5.bsf                                                        ;
; lpm_counter5.inc                                                        ;
; lpm_counter5.qip                                                        ;
; lpm_counter5.tdf                                                        ;
; lpm_counter6.bsf                                                        ;
; lpm_counter6.inc                                                        ;
; lpm_counter6.qip                                                        ;
; lpm_counter6.tdf                                                        ;
; lpm_counter7.bsf                                                        ;
; lpm_counter7.inc                                                        ;
; lpm_counter7.qip                                                        ;
; lpm_counter7.tdf                                                        ;
; lpm_counter8.bsf                                                        ;
; lpm_counter8.inc                                                        ;
; lpm_counter8.qip                                                        ;
; lpm_counter8.tdf                                                        ;
; lpm_counter9.bsf                                                        ;
; lpm_counter9.inc                                                        ;
; lpm_counter9.qip                                                        ;
; lpm_counter9.tdf                                                        ;
; lpm_counter10.bsf                                                       ;
; lpm_counter10.inc                                                       ;
; lpm_counter10.qip                                                       ;
; lpm_counter10.tdf                                                       ;
; lpm_counter11.bsf                                                       ;
; lpm_counter11.inc                                                       ;
; lpm_counter11.qip                                                       ;
; lpm_counter11.tdf                                                       ;
; lpm_decode0.bsf                                                         ;
; lpm_decode0.inc                                                         ;
; lpm_decode0.qip                                                         ;
; lpm_decode0.tdf                                                         ;
; lpm_decode1.bsf                                                         ;
; lpm_decode1.inc                                                         ;
; lpm_decode1.qip                                                         ;
; lpm_decode1.tdf                                                         ;
; lpm_decode2.bsf                                                         ;
; lpm_decode2.inc                                                         ;
; lpm_decode2.qip                                                         ;
; lpm_decode2.tdf                                                         ;
; lpm_mux0.bsf                                                            ;
; lpm_mux0.inc                                                            ;
; lpm_mux0.qip                                                            ;
; lpm_mux0.tdf                                                            ;
; lpm_mux1.bsf                                                            ;
; lpm_mux1.inc                                                            ;
; lpm_mux1.qip                                                            ;
; lpm_mux1.tdf                                                            ;
; lpm_mux2.bsf                                                            ;
; lpm_mux2.inc                                                            ;
; lpm_mux2.qip                                                            ;
; lpm_mux2.tdf                                                            ;
; lpm_mux3.bsf                                                            ;
; lpm_mux3.inc                                                            ;
; lpm_mux3.qip                                                            ;
; lpm_mux3.tdf                                                            ;
; lpm_mux4.bsf                                                            ;
; lpm_mux4.inc                                                            ;
; lpm_mux4.qip                                                            ;
; lpm_mux4.tdf                                                            ;
; lpm_mux5.bsf                                                            ;
; lpm_mux5.inc                                                            ;
; lpm_mux5.qip                                                            ;
; lpm_mux5.tdf                                                            ;
; lpm_mux6.bsf                                                            ;
; lpm_mux6.inc                                                            ;
; lpm_mux6.qip                                                            ;
; lpm_mux6.tdf                                                            ;
; lpm_mux7.bsf                                                            ;
; lpm_mux7.inc                                                            ;
; lpm_mux7.qip                                                            ;
; lpm_mux7.tdf                                                            ;
; lpm_mux8.bsf                                                            ;
; lpm_mux8.inc                                                            ;
; lpm_mux8.qip                                                            ;
; lpm_mux8.tdf                                                            ;
; lpm_mux9.bsf                                                            ;
; lpm_mux9.inc                                                            ;
; lpm_mux9.qip                                                            ;
; lpm_mux9.tdf                                                            ;
; lpm_mux10.bsf                                                           ;
; lpm_mux10.inc                                                           ;
; lpm_mux10.qip                                                           ;
; lpm_mux10.tdf                                                           ;
; lpm_ram_dp0.bsf                                                         ;
; lpm_ram_dp0.inc                                                         ;
; lpm_ram_dp0.qip                                                         ;
; lpm_ram_dp0.tdf                                                         ;
; lpm_ram_dp1.bsf                                                         ;
; lpm_ram_dp1.inc                                                         ;
; lpm_ram_dp1.qip                                                         ;
; lpm_ram_dp1.tdf                                                         ;
; lpm_ram_dp2.bsf                                                         ;
; lpm_ram_dp2.inc                                                         ;
; lpm_ram_dp2.qip                                                         ;
; lpm_ram_dp2.tdf                                                         ;
; lpm_ram_dp3.bsf                                                         ;
; lpm_ram_dp3.inc                                                         ;
; lpm_ram_dp3.qip                                                         ;
; lpm_ram_dp3.tdf                                                         ;
; lpm_ram_dp4.bsf                                                         ;
; lpm_ram_dp4.inc                                                         ;
; lpm_ram_dp4.qip                                                         ;
; lpm_ram_dp4.tdf                                                         ;
; Out32ch.bdf                                                             ;
; OutPipe1a.bdf                                                           ;
; PipeTime3.bdf                                                           ;
; Pulser1.bdf                                                             ;
; SeaQuestTrig1.archive.rpt                                               ;
; SeaQuestTrig1.asm.rpt                                                   ;
; SeaQuestTrig1.bdf                                                       ;
; SeaQuestTrig1.dse.rpt                                                   ;
; SeaQuestTrig1.eda.rpt                                                   ;
; SeaQuestTrig1.fit.rpt                                                   ;
; SeaQuestTrig1.fit.smsg                                                  ;
; SeaQuestTrig1.fit.summary                                               ;
; SeaQuestTrig1.flow.rpt                                                  ;
; SeaQuestTrig1.map.rpt                                                   ;
; SeaQuestTrig1.map.summary                                               ;
; SeaQuestTrig1.pin                                                       ;
; SeaQuestTrig1.pof                                                       ;
; SeaQuestTrig1.qpf                                                       ;
; SeaQuestTrig1.qsf                                                       ;
; SeaQuestTrig1.rbf                                                       ;
; SeaQuestTrig1.sim.rpt                                                   ;
; SeaQuestTrig1.sof                                                       ;
; SeaQuestTrig1.tan.rpt                                                   ;
; SeaQuestTrig1.tan.summary                                               ;
; SeaQuestTrig1_assignment_defaults.qdf                                   ;
; Smaple4sh16a.bdf                                                        ;
; spare_if.vhd                                                            ;
; Timing1.bdf                                                             ;
; Timing2.bdf                                                             ;
; Timing3.bdf                                                             ;
; TrigSeq3.bdf                                                            ;
; tristate_if.vhd                                                         ;
; v1495usr_hal.vqm                                                        ;
; v1495usr_pkg.vhd                                                        ;
; ZeroSuppr3.bdf                                                          ;
+-------------------------------------------------------------------------+


