Flow report for v1495usr_demo
Thu Jul 22 18:18:00 2010
Quartus II Version 9.1 Build 222 10/21/2009 SJ Full Version


---------------------
; Table of Contents ;
---------------------
  1. Legal Notice
  2. Flow Summary
  3. Flow Settings
  4. Flow Non-Default Global Settings
  5. Flow Elapsed Time
  6. Flow OS Summary
  7. Flow Log



----------------
; Legal Notice ;
----------------
Copyright (C) 1991-2009 Altera Corporation
Your use of Altera Corporation's design tools, logic functions 
and other software and tools, and its AMPP partner logic 
functions, and any output files from any of the foregoing 
(including device programming or simulation files), and any 
associated documentation or information are expressly subject 
to the terms and conditions of the Altera Program License 
Subscription Agreement, Altera MegaCore Function License 
Agreement, or other applicable license agreement, including, 
without limitation, that your use is for the sole purpose of 
programming logic devices manufactured by Altera and sold by 
Altera or its authorized distributors.  Please refer to the 
applicable agreement for further details.



+--------------------------------------------------------------------+
; Flow Summary                                                       ;
+-------------------------+------------------------------------------+
; Flow Status             ; Successful - Thu Jul 22 18:18:00 2010    ;
; Quartus II Version      ; 9.1 Build 222 10/21/2009 SJ Full Version ;
; Revision Name           ; v1495usr_demo                            ;
; Top-level Entity Name   ; v1495usr_demo                            ;
; Family                  ; Cyclone                                  ;
; Device                  ; EP1C20F400C6                             ;
; Timing Models           ; Final                                    ;
; Met timing requirements ; Yes                                      ;
; Total logic elements    ; 938 / 20,060 ( 5 % )                     ;
; Total pins              ; 275 / 301 ( 91 % )                       ;
; Total virtual pins      ; 0                                        ;
; Total memory bits       ; 0 / 294,912 ( 0 % )                      ;
; Total PLLs              ; 0 / 2 ( 0 % )                            ;
+-------------------------+------------------------------------------+


+-----------------------------------------+
; Flow Settings                           ;
+-------------------+---------------------+
; Option            ; Setting             ;
+-------------------+---------------------+
; Start date & time ; 07/22/2010 18:17:29 ;
; Main task         ; Compilation         ;
; Revision Name     ; v1495usr_demo       ;
+-------------------+---------------------+


+----------------------------------------------------------------------------------------------------------------------------------------+
; Flow Non-Default Global Settings                                                                                                       ;
+--------------------------------------------+-----------------------------+------------------------------+-------------+----------------+
; Assignment Name                            ; Value                       ; Default Value                ; Entity Name ; Section Id     ;
+--------------------------------------------+-----------------------------+------------------------------+-------------+----------------+
; COMPILER_SIGNATURE_ID                      ; 52236793135.127984064901024 ; --                           ; --          ; --             ;
; EDA_INCLUDE_VHDL_CONFIGURATION_DECLARATION ; Off                         ; --                           ; --          ; eda_simulation ;
; EDA_MAP_ILLEGAL_CHARACTERS                 ; Off                         ; --                           ; --          ; eda_simulation ;
; EDA_OUTPUT_DATA_FORMAT                     ; None                        ; --                           ; --          ; eda_simulation ;
; INCREMENTAL_COMPILATION                    ; Off                         ; FULL_INCREMENTAL_COMPILATION ; --          ; --             ;
+--------------------------------------------+-----------------------------+------------------------------+-------------+----------------+


+-----------------------------------------------------------------------------------------------------------------------------+
; Flow Elapsed Time                                                                                                           ;
+-------------------------+--------------+-------------------------+---------------------+------------------------------------+
; Module Name             ; Elapsed Time ; Average Processors Used ; Peak Virtual Memory ; Total CPU Time (on all processors) ;
+-------------------------+--------------+-------------------------+---------------------+------------------------------------+
; Analysis & Synthesis    ; 00:00:05     ; 1.0                     ; 200 MB              ; 00:00:05                           ;
; Fitter                  ; 00:00:14     ; 1.5                     ; 220 MB              ; 00:00:14                           ;
; Assembler               ; 00:00:03     ; 1.0                     ; 190 MB              ; 00:00:03                           ;
; Classic Timing Analyzer ; 00:00:02     ; 1.0                     ; 125 MB              ; 00:00:02                           ;
; Total                   ; 00:00:24     ; --                      ; --                  ; 00:00:24                           ;
+-------------------------+--------------+-------------------------+---------------------+------------------------------------+


+---------------------------------------------------------------------------------------+
; Flow OS Summary                                                                       ;
+-------------------------+------------------+------------+------------+----------------+
; Module Name             ; Machine Hostname ; OS Name    ; OS Version ; Processor type ;
+-------------------------+------------------+------------+------------+----------------+
; Analysis & Synthesis    ; PPD115680V-XP    ; Windows XP ; 5.1        ; i686           ;
; Fitter                  ; PPD115680V-XP    ; Windows XP ; 5.1        ; i686           ;
; Assembler               ; PPD115680V-XP    ; Windows XP ; 5.1        ; i686           ;
; Classic Timing Analyzer ; PPD115680V-XP    ; Windows XP ; 5.1        ; i686           ;
+-------------------------+------------------+------------+------------+----------------+


------------
; Flow Log ;
------------
quartus_map --read_settings_files=on --write_settings_files=off v1495usr_demo -c v1495usr_demo
quartus_fit --read_settings_files=off --write_settings_files=off v1495usr_demo -c v1495usr_demo
quartus_asm --read_settings_files=off --write_settings_files=off v1495usr_demo -c v1495usr_demo
quartus_tan --read_settings_files=off --write_settings_files=off v1495usr_demo -c v1495usr_demo --timing_analysis_only



