Analysis & Synthesis report for v1495usr_demo
Thu Jul 22 18:17:33 2010
Quartus II Version 9.1 Build 222 10/21/2009 SJ Full Version


---------------------
; Table of Contents ;
---------------------
  1. Legal Notice
  2. Analysis & Synthesis Summary
  3. Analysis & Synthesis Settings
  4. Parallel Compilation
  5. Analysis & Synthesis Source Files Read
  6. Analysis & Synthesis Resource Usage Summary
  7. Analysis & Synthesis Resource Utilization by Entity
  8. General Register Statistics
  9. Inverted Register Statistics
 10. Multiplexer Restructuring Statistics (Restructuring Performed)
 11. Analysis & Synthesis Messages



----------------
; Legal Notice ;
----------------
Copyright (C) 1991-2009 Altera Corporation
Your use of Altera Corporation's design tools, logic functions 
and other software and tools, and its AMPP partner logic 
functions, and any output files from any of the foregoing 
(including device programming or simulation files), and any 
associated documentation or information are expressly subject 
to the terms and conditions of the Altera Program License 
Subscription Agreement, Altera MegaCore Function License 
Agreement, or other applicable license agreement, including, 
without limitation, that your use is for the sole purpose of 
programming logic devices manufactured by Altera and sold by 
Altera or its authorized distributors.  Please refer to the 
applicable agreement for further details.



+------------------------------------------------------------------------+
; Analysis & Synthesis Summary                                           ;
+-----------------------------+------------------------------------------+
; Analysis & Synthesis Status ; Successful - Thu Jul 22 18:17:33 2010    ;
; Quartus II Version          ; 9.1 Build 222 10/21/2009 SJ Full Version ;
; Revision Name               ; v1495usr_demo                            ;
; Top-level Entity Name       ; v1495usr_demo                            ;
; Family                      ; Cyclone                                  ;
; Total logic elements        ; 1,170                                    ;
; Total pins                  ; 275                                      ;
; Total virtual pins          ; 0                                        ;
; Total memory bits           ; 0                                        ;
; Total PLLs                  ; 0                                        ;
+-----------------------------+------------------------------------------+


+----------------------------------------------------------------------------------------------------------------------+
; Analysis & Synthesis Settings                                                                                        ;
+----------------------------------------------------------------------------+--------------------+--------------------+
; Option                                                                     ; Setting            ; Default Value      ;
+----------------------------------------------------------------------------+--------------------+--------------------+
; Device                                                                     ; EP1C20F400C6       ;                    ;
; Top-level entity name                                                      ; v1495usr_demo      ; v1495usr_demo      ;
; Family name                                                                ; Cyclone            ; Stratix II         ;
; Use smart compilation                                                      ; Off                ; Off                ;
; Enable parallel Assembler and TimeQuest Timing Analyzer during compilation ; On                 ; On                 ;
; Enable compact report table                                                ; Off                ; Off                ;
; Restructure Multiplexers                                                   ; Auto               ; Auto               ;
; Create Debugging Nodes for IP Cores                                        ; Off                ; Off                ;
; Preserve fewer node names                                                  ; On                 ; On                 ;
; Disable OpenCore Plus hardware evaluation                                  ; Off                ; Off                ;
; Verilog Version                                                            ; Verilog_2001       ; Verilog_2001       ;
; VHDL Version                                                               ; VHDL_1993          ; VHDL_1993          ;
; State Machine Processing                                                   ; Auto               ; Auto               ;
; Safe State Machine                                                         ; Off                ; Off                ;
; Extract Verilog State Machines                                             ; On                 ; On                 ;
; Extract VHDL State Machines                                                ; On                 ; On                 ;
; Ignore Verilog initial constructs                                          ; Off                ; Off                ;
; Iteration limit for constant Verilog loops                                 ; 5000               ; 5000               ;
; Iteration limit for non-constant Verilog loops                             ; 250                ; 250                ;
; Add Pass-Through Logic to Inferred RAMs                                    ; On                 ; On                 ;
; Parallel Synthesis                                                         ; Off                ; Off                ;
; NOT Gate Push-Back                                                         ; On                 ; On                 ;
; Power-Up Don't Care                                                        ; On                 ; On                 ;
; Remove Redundant Logic Cells                                               ; Off                ; Off                ;
; Remove Duplicate Registers                                                 ; On                 ; On                 ;
; Ignore CARRY Buffers                                                       ; Off                ; Off                ;
; Ignore CASCADE Buffers                                                     ; Off                ; Off                ;
; Ignore GLOBAL Buffers                                                      ; Off                ; Off                ;
; Ignore ROW GLOBAL Buffers                                                  ; Off                ; Off                ;
; Ignore LCELL Buffers                                                       ; Off                ; Off                ;
; Ignore SOFT Buffers                                                        ; On                 ; On                 ;
; Limit AHDL Integers to 32 Bits                                             ; Off                ; Off                ;
; Optimization Technique                                                     ; Balanced           ; Balanced           ;
; Carry Chain Length                                                         ; 70                 ; 70                 ;
; Auto Carry Chains                                                          ; On                 ; On                 ;
; Auto Open-Drain Pins                                                       ; On                 ; On                 ;
; Perform WYSIWYG Primitive Resynthesis                                      ; Off                ; Off                ;
; Auto ROM Replacement                                                       ; On                 ; On                 ;
; Auto RAM Replacement                                                       ; On                 ; On                 ;
; Auto Shift Register Replacement                                            ; Auto               ; Auto               ;
; Auto Clock Enable Replacement                                              ; On                 ; On                 ;
; Strict RAM Replacement                                                     ; Off                ; Off                ;
; Allow Synchronous Control Signals                                          ; On                 ; On                 ;
; Force Use of Synchronous Clear Signals                                     ; Off                ; Off                ;
; Auto RAM Block Balancing                                                   ; On                 ; On                 ;
; Auto RAM to Logic Cell Conversion                                          ; Off                ; Off                ;
; Auto Resource Sharing                                                      ; Off                ; Off                ;
; Allow Any RAM Size For Recognition                                         ; Off                ; Off                ;
; Allow Any ROM Size For Recognition                                         ; Off                ; Off                ;
; Allow Any Shift Register Size For Recognition                              ; Off                ; Off                ;
; Use LogicLock Constraints during Resource Balancing                        ; On                 ; On                 ;
; Ignore translate_off and synthesis_off directives                          ; Off                ; Off                ;
; Show Parameter Settings Tables in Synthesis Report                         ; On                 ; On                 ;
; Ignore Maximum Fan-Out Assignments                                         ; Off                ; Off                ;
; Synchronization Register Chain Length                                      ; 2                  ; 2                  ;
; PowerPlay Power Optimization                                               ; Normal compilation ; Normal compilation ;
; HDL message level                                                          ; Level2             ; Level2             ;
; Suppress Register Optimization Related Messages                            ; Off                ; Off                ;
; Number of Removed Registers Reported in Synthesis Report                   ; 100                ; 100                ;
; Number of Inverted Registers Reported in Synthesis Report                  ; 100                ; 100                ;
; Clock MUX Protection                                                       ; On                 ; On                 ;
; Block Design Naming                                                        ; Auto               ; Auto               ;
; Synthesis Effort                                                           ; Auto               ; Auto               ;
; Shift Register Replacement - Allow Asynchronous Clear Signal               ; On                 ; On                 ;
; Analysis & Synthesis Message Level                                         ; Medium             ; Medium             ;
; Disable Register Merging Across Hierarchies                                ; Auto               ; Auto               ;
; Resource Aware Inference For Block RAM                                     ; On                 ; On                 ;
+----------------------------------------------------------------------------+--------------------+--------------------+


+------------------------------------------+
; Parallel Compilation                     ;
+----------------------------+-------------+
; Processors                 ; Number      ;
+----------------------------+-------------+
; Number detected on machine ; 2           ;
; Maximum allowed            ; 2           ;
;                            ;             ;
; Average used               ; 1.00        ;
; Maximum used               ; 1           ;
;                            ;             ;
; Usage by Processor         ; % Time Used ;
;     1 processor            ; 100.0%      ;
;     2 processors           ;   0.0%      ;
+----------------------------+-------------+


+-------------------------------------------------------------------------------------------------------------------------------------------------------------------------------+
; Analysis & Synthesis Source Files Read                                                                                                                                        ;
+------------------------------------------+-----------------+------------------------------------+-----------------------------------------------------------------------------+
; File Name with User-Entered Path         ; Used in Netlist ; File Type                          ; File Name with Absolute Path                                                ;
+------------------------------------------+-----------------+------------------------------------+-----------------------------------------------------------------------------+
; ../SRC/v1495usr_demo/v1495usr_pkg.vhd    ; yes             ; User VHDL File                     ; C:/altera/91/qdesigns/V1495_USER_DEMO/SRC/v1495usr_demo/v1495usr_pkg.vhd    ;
; ../SRC/v1495usr_demo/coin_reference.vhd  ; yes             ; User VHDL File                     ; C:/altera/91/qdesigns/V1495_USER_DEMO/SRC/v1495usr_demo/coin_reference.vhd  ;
; ../SRC/v1495usr_demo/spare_if_rtl.vhd    ; yes             ; User VHDL File                     ; C:/altera/91/qdesigns/V1495_USER_DEMO/SRC/v1495usr_demo/spare_if_rtl.vhd    ;
; ../SRC/v1495usr_demo/tristate_if_rtl.vhd ; yes             ; User VHDL File                     ; C:/altera/91/qdesigns/V1495_USER_DEMO/SRC/v1495usr_demo/tristate_if_rtl.vhd ;
; ../SRC/v1495usr_demo/v1495usr_demo.vhd   ; yes             ; User VHDL File                     ; C:/altera/91/qdesigns/V1495_USER_DEMO/SRC/v1495usr_demo/v1495usr_demo.vhd   ;
; ../SRC/v1495hal/v1495usr_hal.vqm         ; yes             ; User Verilog Quartus Mapping File  ; C:/altera/91/qdesigns/V1495_USER_DEMO/SRC/v1495hal/v1495usr_hal.vqm         ;
+------------------------------------------+-----------------+------------------------------------+-----------------------------------------------------------------------------+


+-----------------------------------------------------+
; Analysis & Synthesis Resource Usage Summary         ;
+---------------------------------------------+-------+
; Resource                                    ; Usage ;
+---------------------------------------------+-------+
; Total logic elements                        ; 1170  ;
;     -- Combinational with no register       ; 695   ;
;     -- Register only                        ; 278   ;
;     -- Combinational with a register        ; 197   ;
;                                             ;       ;
; Logic element usage by number of LUT inputs ;       ;
;     -- 4 input functions                    ; 558   ;
;     -- 3 input functions                    ; 119   ;
;     -- 2 input functions                    ; 91    ;
;     -- 1 input functions                    ; 122   ;
;     -- 0 input functions                    ; 2     ;
;                                             ;       ;
; Logic elements by mode                      ;       ;
;     -- normal mode                          ; 1133  ;
;     -- arithmetic mode                      ; 37    ;
;     -- qfbk mode                            ; 16    ;
;     -- register cascade mode                ; 0     ;
;     -- synchronous clear/load mode          ; 21    ;
;     -- asynchronous clear/load mode         ; 450   ;
;                                             ;       ;
; Total registers                             ; 475   ;
; Total logic cells in carry chains           ; 42    ;
; I/O pins                                    ; 275   ;
; Maximum fan-out node                        ; LCLK  ;
; Maximum fan-out                             ; 455   ;
; Total fan-out                               ; 4811  ;
; Average fan-out                             ; 3.33  ;
+---------------------------------------------+-------+


+------------------------------------------------------------------------------------------------------------------------------------------------------------------------------------------------------------------------------------------------+
; Analysis & Synthesis Resource Utilization by Entity                                                                                                                                                                                            ;
+----------------------------+-------------+--------------+-------------+------+--------------+--------------+-------------------+------------------+-----------------+------------+----------------------------------------------+--------------+
; Compilation Hierarchy Node ; Logic Cells ; LC Registers ; Memory Bits ; Pins ; Virtual Pins ; LUT-Only LCs ; Register-Only LCs ; LUT/Register LCs ; Carry Chain LCs ; Packed LCs ; Full Hierarchy Name                          ; Library Name ;
+----------------------------+-------------+--------------+-------------+------+--------------+--------------+-------------------+------------------+-----------------+------------+----------------------------------------------+--------------+
; |v1495usr_demo             ; 1170 (0)    ; 475          ; 0           ; 275  ; 0            ; 695 (0)      ; 278 (0)           ; 197 (0)          ; 42 (0)          ; 16 (0)     ; |v1495usr_demo                               ; work         ;
;    |coin_reference:I0|     ; 876 (876)   ; 425          ; 0           ; 0    ; 0            ; 451 (451)    ; 274 (274)         ; 151 (151)        ; 20 (20)         ; 0 (0)      ; |v1495usr_demo|coin_reference:I0             ; work         ;
;    |v1495usr_hal:I1|       ; 294 (10)    ; 50           ; 0           ; 0    ; 0            ; 244 (10)     ; 4 (0)             ; 46 (0)           ; 22 (0)          ; 16 (0)     ; |v1495usr_demo|v1495usr_hal:I1               ; work         ;
;       |a395x_if:I2|        ; 66 (66)     ; 0            ; 0           ; 0    ; 0            ; 66 (66)      ; 0 (0)             ; 0 (0)            ; 0 (0)           ; 0 (0)      ; |v1495usr_demo|v1495usr_hal:I1|a395x_if:I2   ; work         ;
;       |a395x_if_1:I3|      ; 66 (66)     ; 0            ; 0           ; 0    ; 0            ; 66 (66)      ; 0 (0)             ; 0 (0)            ; 0 (0)           ; 0 (0)      ; |v1495usr_demo|v1495usr_hal:I1|a395x_if_1:I3 ; work         ;
;       |a395x_if_2:I4|      ; 66 (66)     ; 0            ; 0           ; 0    ; 0            ; 66 (66)      ; 0 (0)             ; 0 (0)            ; 0 (0)           ; 0 (0)      ; |v1495usr_demo|v1495usr_hal:I1|a395x_if_2:I4 ; work         ;
;       |led_if:I8|          ; 36 (36)     ; 29           ; 0           ; 0    ; 0            ; 7 (7)        ; 4 (4)             ; 25 (25)          ; 22 (22)         ; 0 (0)      ; |v1495usr_demo|v1495usr_hal:I1|led_if:I8     ; work         ;
;       |localbusif:I1|      ; 42 (42)     ; 21           ; 0           ; 0    ; 0            ; 21 (21)      ; 0 (0)             ; 21 (21)          ; 0 (0)           ; 16 (16)    ; |v1495usr_demo|v1495usr_hal:I1|localbusif:I1 ; work         ;
;       |pdl_if:I5|          ; 8 (8)       ; 0            ; 0           ; 0    ; 0            ; 8 (8)        ; 0 (0)             ; 0 (0)            ; 0 (0)           ; 0 (0)      ; |v1495usr_demo|v1495usr_hal:I1|pdl_if:I5     ; work         ;
+----------------------------+-------------+--------------+-------------+------+--------------+--------------+-------------------+------------------+-----------------+------------+----------------------------------------------+--------------+
Note: For table entries with two numbers listed, the numbers in parentheses indicate the number of resources of the given type used by the specific entity alone. The numbers listed outside of parentheses indicate the total resources of the given type used by the specific entity and all of its sub-entities in the hierarchy.


+------------------------------------------------------+
; General Register Statistics                          ;
+----------------------------------------------+-------+
; Statistic                                    ; Value ;
+----------------------------------------------+-------+
; Total registers                              ; 475   ;
; Number of registers using Synchronous Clear  ; 5     ;
; Number of registers using Synchronous Load   ; 0     ;
; Number of registers using Asynchronous Clear ; 449   ;
; Number of registers using Asynchronous Load  ; 3     ;
; Number of registers using Clock Enable       ; 431   ;
; Number of registers using Preset             ; 0     ;
+----------------------------------------------+-------+


+-----------------------------------------------------+
; Inverted Register Statistics                        ;
+-------------------------------------------+---------+
; Inverted Register                         ; Fan out ;
+-------------------------------------------+---------+
; coin_reference:I0|B_MASK[0]               ; 2       ;
; coin_reference:I0|A_MASK[0]               ; 2       ;
; coin_reference:I0|MODE[3]                 ; 32      ;
; coin_reference:I0|C_MASK[0]               ; 1       ;
; coin_reference:I0|B_MASK[1]               ; 2       ;
; coin_reference:I0|A_MASK[1]               ; 2       ;
; coin_reference:I0|C_MASK[1]               ; 1       ;
; coin_reference:I0|B_MASK[2]               ; 2       ;
; coin_reference:I0|A_MASK[2]               ; 2       ;
; coin_reference:I0|C_MASK[2]               ; 1       ;
; coin_reference:I0|B_MASK[3]               ; 2       ;
; coin_reference:I0|A_MASK[3]               ; 2       ;
; coin_reference:I0|C_MASK[3]               ; 1       ;
; coin_reference:I0|B_MASK[4]               ; 2       ;
; coin_reference:I0|A_MASK[4]               ; 2       ;
; coin_reference:I0|C_MASK[4]               ; 1       ;
; coin_reference:I0|B_MASK[5]               ; 2       ;
; coin_reference:I0|A_MASK[5]               ; 2       ;
; coin_reference:I0|C_MASK[5]               ; 1       ;
; coin_reference:I0|B_MASK[6]               ; 2       ;
; coin_reference:I0|A_MASK[6]               ; 2       ;
; coin_reference:I0|C_MASK[6]               ; 1       ;
; coin_reference:I0|B_MASK[7]               ; 2       ;
; coin_reference:I0|A_MASK[7]               ; 2       ;
; coin_reference:I0|C_MASK[7]               ; 1       ;
; coin_reference:I0|B_MASK[8]               ; 2       ;
; coin_reference:I0|A_MASK[8]               ; 2       ;
; coin_reference:I0|C_MASK[8]               ; 1       ;
; coin_reference:I0|B_MASK[9]               ; 2       ;
; coin_reference:I0|A_MASK[9]               ; 2       ;
; coin_reference:I0|C_MASK[9]               ; 1       ;
; coin_reference:I0|B_MASK[10]              ; 2       ;
; coin_reference:I0|A_MASK[10]              ; 2       ;
; coin_reference:I0|C_MASK[10]              ; 1       ;
; coin_reference:I0|B_MASK[11]              ; 2       ;
; coin_reference:I0|A_MASK[11]              ; 2       ;
; coin_reference:I0|C_MASK[11]              ; 1       ;
; coin_reference:I0|B_MASK[12]              ; 2       ;
; coin_reference:I0|A_MASK[12]              ; 2       ;
; coin_reference:I0|C_MASK[12]              ; 1       ;
; coin_reference:I0|B_MASK[13]              ; 2       ;
; coin_reference:I0|A_MASK[13]              ; 2       ;
; coin_reference:I0|C_MASK[13]              ; 1       ;
; coin_reference:I0|B_MASK[14]              ; 2       ;
; coin_reference:I0|A_MASK[14]              ; 2       ;
; coin_reference:I0|C_MASK[14]              ; 1       ;
; coin_reference:I0|B_MASK[15]              ; 2       ;
; coin_reference:I0|A_MASK[15]              ; 2       ;
; coin_reference:I0|C_MASK[15]              ; 1       ;
; coin_reference:I0|B_MASK[16]              ; 2       ;
; coin_reference:I0|A_MASK[16]              ; 2       ;
; coin_reference:I0|C_MASK[16]              ; 1       ;
; coin_reference:I0|B_MASK[17]              ; 2       ;
; coin_reference:I0|A_MASK[17]              ; 2       ;
; coin_reference:I0|C_MASK[17]              ; 1       ;
; coin_reference:I0|B_MASK[18]              ; 2       ;
; coin_reference:I0|A_MASK[18]              ; 2       ;
; coin_reference:I0|C_MASK[18]              ; 1       ;
; coin_reference:I0|B_MASK[19]              ; 2       ;
; coin_reference:I0|A_MASK[19]              ; 2       ;
; coin_reference:I0|C_MASK[19]              ; 1       ;
; coin_reference:I0|B_MASK[20]              ; 2       ;
; coin_reference:I0|A_MASK[20]              ; 2       ;
; coin_reference:I0|C_MASK[20]              ; 1       ;
; coin_reference:I0|B_MASK[21]              ; 2       ;
; coin_reference:I0|A_MASK[21]              ; 2       ;
; coin_reference:I0|C_MASK[21]              ; 1       ;
; coin_reference:I0|B_MASK[22]              ; 2       ;
; coin_reference:I0|A_MASK[22]              ; 2       ;
; coin_reference:I0|C_MASK[22]              ; 1       ;
; coin_reference:I0|B_MASK[23]              ; 2       ;
; coin_reference:I0|A_MASK[23]              ; 2       ;
; coin_reference:I0|C_MASK[23]              ; 1       ;
; coin_reference:I0|B_MASK[24]              ; 2       ;
; coin_reference:I0|A_MASK[24]              ; 2       ;
; coin_reference:I0|C_MASK[24]              ; 1       ;
; coin_reference:I0|B_MASK[25]              ; 2       ;
; coin_reference:I0|A_MASK[25]              ; 2       ;
; coin_reference:I0|C_MASK[25]              ; 1       ;
; coin_reference:I0|B_MASK[26]              ; 2       ;
; coin_reference:I0|A_MASK[26]              ; 2       ;
; coin_reference:I0|C_MASK[26]              ; 1       ;
; coin_reference:I0|B_MASK[27]              ; 2       ;
; coin_reference:I0|A_MASK[27]              ; 2       ;
; coin_reference:I0|C_MASK[27]              ; 1       ;
; coin_reference:I0|B_MASK[28]              ; 2       ;
; coin_reference:I0|A_MASK[28]              ; 2       ;
; coin_reference:I0|C_MASK[28]              ; 1       ;
; coin_reference:I0|B_MASK[29]              ; 2       ;
; coin_reference:I0|A_MASK[29]              ; 2       ;
; coin_reference:I0|C_MASK[29]              ; 1       ;
; coin_reference:I0|B_MASK[30]              ; 2       ;
; coin_reference:I0|A_MASK[30]              ; 2       ;
; coin_reference:I0|C_MASK[30]              ; 1       ;
; coin_reference:I0|B_MASK[31]              ; 2       ;
; coin_reference:I0|A_MASK[31]              ; 2       ;
; coin_reference:I0|C_MASK[31]              ; 1       ;
; coin_reference:I0|PDL_CONTROL[0]          ; 3       ;
; coin_reference:I0|GATEWIDTH[2]            ; 1       ;
; coin_reference:I0|SCRATCH[1]              ; 1       ;
; Total number of inverted registers = 107* ;         ;
+-------------------------------------------+---------+
* Table truncated at 100 items. To change the number of inverted registers reported, set the "Number of Inverted Registers Reported" option under Assignments->Settings->Analysis and Synthesis Settings->More Settings


+-------------------------------------------------------------------------------------------------------------------------------------------------------------+
; Multiplexer Restructuring Statistics (Restructuring Performed)                                                                                              ;
+--------------------+-----------+---------------+----------------------+------------------------+------------+-----------------------------------------------+
; Multiplexer Inputs ; Bus Width ; Baseline Area ; Area if Restructured ; Saving if Restructured ; Registered ; Example Multiplexer Output                    ;
+--------------------+-----------+---------------+----------------------+------------------------+------------+-----------------------------------------------+
; 3:1                ; 2 bits    ; 4 LEs         ; 2 LEs                ; 2 LEs                  ; Yes        ; |v1495usr_demo|coin_reference:I0|PDL_IN_i     ;
; 22:1               ; 8 bits    ; 112 LEs       ; 112 LEs              ; 0 LEs                  ; Yes        ; |v1495usr_demo|coin_reference:I0|REG_DOUT[12] ;
; 23:1               ; 5 bits    ; 75 LEs        ; 75 LEs               ; 0 LEs                  ; Yes        ; |v1495usr_demo|coin_reference:I0|REG_DOUT[5]  ;
; 26:1               ; 3 bits    ; 51 LEs        ; 51 LEs               ; 0 LEs                  ; Yes        ; |v1495usr_demo|coin_reference:I0|REG_DOUT[0]  ;
+--------------------+-----------+---------------+----------------------+------------------------+------------+-----------------------------------------------+


+-------------------------------+
; Analysis & Synthesis Messages ;
+-------------------------------+
Info: *******************************************************************
Info: Running Quartus II Analysis & Synthesis
    Info: Version 9.1 Build 222 10/21/2009 SJ Full Version
    Info: Processing started: Thu Jul 22 18:17:28 2010
Info: Command: quartus_map --read_settings_files=on --write_settings_files=off v1495usr_demo -c v1495usr_demo
Info: Parallel compilation is enabled and will use 2 of the 2 processors detected
Info: Found 1 design units, including 0 entities, in source file /altera/91/qdesigns/v1495_user_demo/src/v1495usr_demo/v1495usr_pkg.vhd
    Info: Found design unit 1: v1495pkg
Info: Found 2 design units, including 1 entities, in source file /altera/91/qdesigns/v1495_user_demo/src/v1495usr_demo/coin_reference.vhd
    Info: Found design unit 1: coin_reference-rtl
    Info: Found entity 1: coin_reference
Info: Found 2 design units, including 1 entities, in source file /altera/91/qdesigns/v1495_user_demo/src/v1495usr_demo/spare_if_rtl.vhd
    Info: Found design unit 1: spare_if-rtl
    Info: Found entity 1: spare_if
Info: Found 2 design units, including 1 entities, in source file /altera/91/qdesigns/v1495_user_demo/src/v1495usr_demo/tristate_if_rtl.vhd
    Info: Found design unit 1: tristate_if-rtl
    Info: Found entity 1: tristate_if
Info: Found 2 design units, including 1 entities, in source file /altera/91/qdesigns/v1495_user_demo/src/v1495usr_demo/v1495usr_demo.vhd
    Info: Found design unit 1: v1495usr_demo-struct
    Info: Found entity 1: v1495usr_demo
Info: Found 7 design units, including 7 entities, in source file /altera/91/qdesigns/v1495_user_demo/src/v1495hal/v1495usr_hal.vqm
    Info: Found entity 1: a395x_if
    Info: Found entity 2: a395x_if_1
    Info: Found entity 3: a395x_if_2
    Info: Found entity 4: led_if
    Info: Found entity 5: localbusif
    Info: Found entity 6: pdl_if
    Info: Found entity 7: v1495usr_hal
Info: Elaborating entity "v1495usr_demo" for the top level hierarchy
Info: Elaborating entity "coin_reference" for hierarchy "coin_reference:I0"
Warning (10631): VHDL Process Statement warning at coin_reference.vhd(543): inferring latch(es) for signal or variable "G_CONTROL", which holds its previous value in one or more paths through the process
Info: Elaborating entity "spare_if" for hierarchy "spare_if:I2"
Info: Elaborating entity "tristate_if" for hierarchy "tristate_if:I3"
Info: Elaborating entity "v1495usr_hal" for hierarchy "v1495usr_hal:I1"
Info: Elaborating entity "a395x_if" for hierarchy "v1495usr_hal:I1|a395x_if:I2"
Info: Elaborating entity "a395x_if_1" for hierarchy "v1495usr_hal:I1|a395x_if_1:I3"
Info: Elaborating entity "a395x_if_2" for hierarchy "v1495usr_hal:I1|a395x_if_2:I4"
Info: Elaborating entity "led_if" for hierarchy "v1495usr_hal:I1|led_if:I8"
Info: Elaborating entity "localbusif" for hierarchy "v1495usr_hal:I1|localbusif:I1"
Info: Elaborating entity "pdl_if" for hierarchy "v1495usr_hal:I1|pdl_if:I5"
Warning: Clock multiplexers are found and protected
    Warning: Found clock multiplexer coin_reference:I0|C_STATUS[0]
    Warning: Found clock multiplexer coin_reference:I0|C_STATUS[1]
    Warning: Found clock multiplexer coin_reference:I0|C_STATUS[2]
    Warning: Found clock multiplexer coin_reference:I0|C_STATUS[3]
    Warning: Found clock multiplexer coin_reference:I0|C_STATUS[4]
    Warning: Found clock multiplexer coin_reference:I0|C_STATUS[5]
    Warning: Found clock multiplexer coin_reference:I0|C_STATUS[6]
    Warning: Found clock multiplexer coin_reference:I0|C_STATUS[7]
    Warning: Found clock multiplexer coin_reference:I0|C_STATUS[8]
    Warning: Found clock multiplexer coin_reference:I0|C_STATUS[9]
    Warning: Found clock multiplexer coin_reference:I0|C_STATUS[10]
    Warning: Found clock multiplexer coin_reference:I0|C_STATUS[11]
    Warning: Found clock multiplexer coin_reference:I0|C_STATUS[12]
    Warning: Found clock multiplexer coin_reference:I0|C_STATUS[13]
    Warning: Found clock multiplexer coin_reference:I0|C_STATUS[14]
    Warning: Found clock multiplexer coin_reference:I0|C_STATUS[15]
    Warning: Found clock multiplexer coin_reference:I0|C_STATUS[16]
    Warning: Found clock multiplexer coin_reference:I0|C_STATUS[17]
    Warning: Found clock multiplexer coin_reference:I0|C_STATUS[18]
    Warning: Found clock multiplexer coin_reference:I0|C_STATUS[19]
    Warning: Found clock multiplexer coin_reference:I0|C_STATUS[20]
    Warning: Found clock multiplexer coin_reference:I0|C_STATUS[21]
    Warning: Found clock multiplexer coin_reference:I0|C_STATUS[22]
    Warning: Found clock multiplexer coin_reference:I0|C_STATUS[23]
    Warning: Found clock multiplexer coin_reference:I0|C_STATUS[24]
    Warning: Found clock multiplexer coin_reference:I0|C_STATUS[25]
    Warning: Found clock multiplexer coin_reference:I0|C_STATUS[26]
    Warning: Found clock multiplexer coin_reference:I0|C_STATUS[27]
    Warning: Found clock multiplexer coin_reference:I0|C_STATUS[28]
    Warning: Found clock multiplexer coin_reference:I0|C_STATUS[29]
    Warning: Found clock multiplexer coin_reference:I0|C_STATUS[30]
    Warning: Found clock multiplexer coin_reference:I0|C_STATUS[31]
    Warning: Found clock multiplexer coin_reference:I0|Mux4
    Warning: Found clock multiplexer coin_reference:I0|Mux1
Warning: Output pins are stuck at VCC or GND
    Warning (13410): Pin "nINT" is stuck at VCC
    Warning (13410): Pin "nOEG" is stuck at GND
Info: Registers with preset signals will power-up high
Info: Found the following redundant logic cells in design
    Info (17048): Logic cell "v1495usr_hal:I1|SELD"
    Info (17048): Logic cell "v1495usr_hal:I1|SELE"
    Info (17048): Logic cell "v1495usr_hal:I1|SELF"
    Info (17048): Logic cell "v1495usr_hal:I1|SELG"
    Info (17048): Logic cell "v1495usr_hal:I1|nOEDDLY1"
    Info (17048): Logic cell "v1495usr_hal:I1|localbusif:I1|nREADY_s_i_i_x"
    Info (17048): Logic cell "v1495usr_hal:I1|nSTART[2]"
    Info (17048): Logic cell "v1495usr_hal:I1|nSTART[3]"
Warning: Design contains 2 input pin(s) that do not drive logic
    Warning (15610): No output dependent on input pin "GIN[0]"
    Warning (15610): No output dependent on input pin "GIN[1]"
Info: Implemented 1445 device resources after synthesis - the final resource count might be different
    Info: Implemented 84 input pins
    Info: Implemented 55 output pins
    Info: Implemented 136 bidirectional pins
    Info: Implemented 1170 logic cells
Info: Quartus II Analysis & Synthesis was successful. 0 errors, 42 warnings
    Info: Peak virtual memory: 200 megabytes
    Info: Processing ended: Thu Jul 22 18:17:34 2010
    Info: Elapsed time: 00:00:06
    Info: Total CPU time (on all processors): 00:00:05


