Flow report for SeaQuestTrig1
Tue Feb 28 15:36:57 2017
Quartus II Version 9.1 Build 222 10/21/2009 SJ Web Edition


---------------------
; Table of Contents ;
---------------------
  1. Legal Notice
  2. Flow Summary
  3. Flow Settings
  4. Flow Non-Default Global Settings
  5. Flow Elapsed Time
  6. Flow OS Summary
  7. Flow Log



----------------
; Legal Notice ;
----------------
Copyright (C) 1991-2009 Altera Corporation
Your use of Altera Corporation's design tools, logic functions 
and other software and tools, and its AMPP partner logic 
functions, and any output files from any of the foregoing 
(including device programming or simulation files), and any 
associated documentation or information are expressly subject 
to the terms and conditions of the Altera Program License 
Subscription Agreement, Altera MegaCore Function License 
Agreement, or other applicable license agreement, including, 
without limitation, that your use is for the sole purpose of 
programming logic devices manufactured by Altera and sold by 
Altera or its authorized distributors.  Please refer to the 
applicable agreement for further details.



+-------------------------------------------------------------------+
; Flow Summary                                                      ;
+-------------------------+-----------------------------------------+
; Flow Status             ; Successful - Tue Feb 28 15:36:56 2017   ;
; Quartus II Version      ; 9.1 Build 222 10/21/2009 SJ Web Edition ;
; Revision Name           ; SeaQuestTrig1                           ;
; Top-level Entity Name   ; SeaQuestTrig2                           ;
; Family                  ; Cyclone                                 ;
; Device                  ; EP1C20F400C6                            ;
; Timing Models           ; Final                                   ;
; Met timing requirements ; No                                      ;
; Total logic elements    ; 10,094 / 20,060 ( 50 % )                ;
; Total pins              ; 275 / 301 ( 91 % )                      ;
; Total virtual pins      ; 0                                       ;
; Total memory bits       ; 155,648 / 294,912 ( 53 % )              ;
; Total PLLs              ; 1 / 2 ( 50 % )                          ;
+-------------------------+-----------------------------------------+


+-----------------------------------------+
; Flow Settings                           ;
+-------------------+---------------------+
; Option            ; Setting             ;
+-------------------+---------------------+
; Start date & time ; 02/28/2017 15:34:38 ;
; Main task         ; Compilation         ;
; Revision Name     ; SeaQuestTrig1       ;
+-------------------+---------------------+


+------------------------------------------------------------------------------------------------------------------------------------------------------------------------------------------------------+
; Flow Non-Default Global Settings                                                                                                                                                                     ;
+------------------------------------+-------------------------------------------------------------------------------------------------+------------------------------+---------------+----------------+
; Assignment Name                    ; Value                                                                                           ; Default Value                ; Entity Name   ; Section Id     ;
+------------------------------------+-------------------------------------------------------------------------------------------------+------------------------------+---------------+----------------+
; AUTO_RAM_BLOCK_BALANCING           ; Off                                                                                             ; On                           ; --            ; --             ;
; AUTO_RAM_RECOGNITION               ; Off                                                                                             ; On                           ; --            ; --             ;
; AUTO_SHIFT_REGISTER_RECOGNITION    ; Off                                                                                             ; Auto                         ; --            ; --             ;
; COMPILER_SIGNATURE_ID              ; 26403105430400.148831767807704                                                                  ; --                           ; --            ; --             ;
; INCREMENTAL_COMPILATION            ; Off                                                                                             ; FULL_INCREMENTAL_COMPILATION ; --            ; --             ;
; IP_TOOL_NAME                       ; LPM_MUX                                                                                         ; --                           ; --            ; --             ;
; IP_TOOL_NAME                       ; LPM_ADD_SUB                                                                                     ; --                           ; --            ; --             ;
; IP_TOOL_NAME                       ; LPM_MUX                                                                                         ; --                           ; --            ; --             ;
; IP_TOOL_NAME                       ; LPM_MUX                                                                                         ; --                           ; --            ; --             ;
; IP_TOOL_NAME                       ; LPM_RAM_DP                                                                                      ; --                           ; --            ; --             ;
; IP_TOOL_NAME                       ; LPM_ADD_SUB                                                                                     ; --                           ; --            ; --             ;
; IP_TOOL_NAME                       ; LPM_DECODE                                                                                      ; --                           ; --            ; --             ;
; IP_TOOL_NAME                       ; LPM_COUNTER                                                                                     ; --                           ; --            ; --             ;
; IP_TOOL_NAME                       ; LPM_MUX                                                                                         ; --                           ; --            ; --             ;
; IP_TOOL_NAME                       ; LPM_MUX                                                                                         ; --                           ; --            ; --             ;
; IP_TOOL_NAME                       ; LPM_COUNTER                                                                                     ; --                           ; --            ; --             ;
; IP_TOOL_NAME                       ; LPM_DECODE                                                                                      ; --                           ; --            ; --             ;
; IP_TOOL_NAME                       ; ALTPLL                                                                                          ; --                           ; --            ; --             ;
; IP_TOOL_NAME                       ; LPM_COUNTER                                                                                     ; --                           ; --            ; --             ;
; IP_TOOL_NAME                       ; LPM_RAM_DP                                                                                      ; --                           ; --            ; --             ;
; IP_TOOL_NAME                       ; LPM_ADD_SUB                                                                                     ; --                           ; --            ; --             ;
; IP_TOOL_NAME                       ; LPM_COMPARE                                                                                     ; --                           ; --            ; --             ;
; IP_TOOL_NAME                       ; LPM_MUX                                                                                         ; --                           ; --            ; --             ;
; IP_TOOL_NAME                       ; LPM_MUX                                                                                         ; --                           ; --            ; --             ;
; IP_TOOL_NAME                       ; LPM_COUNTER                                                                                     ; --                           ; --            ; --             ;
; IP_TOOL_NAME                       ; ALTPLL                                                                                          ; --                           ; --            ; --             ;
; IP_TOOL_NAME                       ; LPM_ADD_SUB                                                                                     ; --                           ; --            ; --             ;
; IP_TOOL_NAME                       ; LPM_COMPARE                                                                                     ; --                           ; --            ; --             ;
; IP_TOOL_NAME                       ; LPM_MUX                                                                                         ; --                           ; --            ; --             ;
; IP_TOOL_NAME                       ; LPM_MUX                                                                                         ; --                           ; --            ; --             ;
; IP_TOOL_NAME                       ; LPM_RAM_DP                                                                                      ; --                           ; --            ; --             ;
; IP_TOOL_NAME                       ; LPM_COUNTER                                                                                     ; --                           ; --            ; --             ;
; IP_TOOL_NAME                       ; LPM_ADD_SUB                                                                                     ; --                           ; --            ; --             ;
; IP_TOOL_NAME                       ; LPM_COUNTER                                                                                     ; --                           ; --            ; --             ;
; IP_TOOL_NAME                       ; LPM_COUNTER                                                                                     ; --                           ; --            ; --             ;
; IP_TOOL_NAME                       ; LPM_COUNTER                                                                                     ; --                           ; --            ; --             ;
; IP_TOOL_NAME                       ; LPM_MUX                                                                                         ; --                           ; --            ; --             ;
; IP_TOOL_NAME                       ; LPM_COUNTER                                                                                     ; --                           ; --            ; --             ;
; IP_TOOL_NAME                       ; LPM_COUNTER                                                                                     ; --                           ; --            ; --             ;
; IP_TOOL_NAME                       ; LPM_DECODE                                                                                      ; --                           ; --            ; --             ;
; IP_TOOL_NAME                       ; LPM_MUX                                                                                         ; --                           ; --            ; --             ;
; IP_TOOL_NAME                       ; LPM_COUNTER                                                                                     ; --                           ; --            ; --             ;
; IP_TOOL_NAME                       ; LPM_RAM_DP                                                                                      ; --                           ; --            ; --             ;
; IP_TOOL_NAME                       ; LPM_RAM_DP                                                                                      ; --                           ; --            ; --             ;
; IP_TOOL_NAME                       ; LPM_COUNTER                                                                                     ; --                           ; --            ; --             ;
; IP_TOOL_NAME                       ; LPM_COMPARE                                                                                     ; --                           ; --            ; --             ;
; IP_TOOL_NAME                       ; LPM_COMPARE                                                                                     ; --                           ; --            ; --             ;
; IP_TOOL_NAME                       ; LPM_ADD_SUB                                                                                     ; --                           ; --            ; --             ;
; IP_TOOL_NAME                       ; LPM_ADD_SUB                                                                                     ; --                           ; --            ; --             ;
; IP_TOOL_NAME                       ; LPM_MUX                                                                                         ; --                           ; --            ; --             ;
; IP_TOOL_NAME                       ; LPM_COUNTER                                                                                     ; --                           ; --            ; --             ;
; IP_TOOL_NAME                       ; LPM_COMPARE                                                                                     ; --                           ; --            ; --             ;
; IP_TOOL_NAME                       ; LPM_COUNTER                                                                                     ; --                           ; --            ; --             ;
; IP_TOOL_NAME                       ; LPM_MUX                                                                                         ; --                           ; --            ; --             ;
; IP_TOOL_NAME                       ; LPM_COUNTER                                                                                     ; --                           ; --            ; --             ;
; IP_TOOL_NAME                       ; LPM_COMPARE                                                                                     ; --                           ; --            ; --             ;
; IP_TOOL_NAME                       ; LPM_COMPARE                                                                                     ; --                           ; --            ; --             ;
; IP_TOOL_NAME                       ; LPM_COUNTER                                                                                     ; --                           ; --            ; --             ;
; IP_TOOL_NAME                       ; LPM_COUNTER                                                                                     ; --                           ; --            ; --             ;
; IP_TOOL_NAME                       ; LPM_COUNTER                                                                                     ; --                           ; --            ; --             ;
; IP_TOOL_NAME                       ; LPM_COMPARE                                                                                     ; --                           ; --            ; --             ;
; IP_TOOL_NAME                       ; LPM_MUX                                                                                         ; --                           ; --            ; --             ;
; IP_TOOL_NAME                       ; LPM_RAM_DP                                                                                      ; --                           ; --            ; --             ;
; IP_TOOL_NAME                       ; LPM_COUNTER                                                                                     ; --                           ; --            ; --             ;
; IP_TOOL_NAME                       ; LPM_COMPARE                                                                                     ; --                           ; --            ; --             ;
; IP_TOOL_NAME                       ; LPM_COUNTER                                                                                     ; --                           ; --            ; --             ;
; IP_TOOL_NAME                       ; LPM_MUX                                                                                         ; --                           ; --            ; --             ;
; IP_TOOL_NAME                       ; LPM_MUX                                                                                         ; --                           ; --            ; --             ;
; IP_TOOL_NAME                       ; LPM_COMPARE                                                                                     ; --                           ; --            ; --             ;
; IP_TOOL_NAME                       ; LPM_COUNTER                                                                                     ; --                           ; --            ; --             ;
; IP_TOOL_NAME                       ; LPM_MUX                                                                                         ; --                           ; --            ; --             ;
; IP_TOOL_NAME                       ; LPM_MUX                                                                                         ; --                           ; --            ; --             ;
; IP_TOOL_NAME                       ; LPM_MUX                                                                                         ; --                           ; --            ; --             ;
; IP_TOOL_NAME                       ; LPM_COUNTER                                                                                     ; --                           ; --            ; --             ;
; IP_TOOL_VERSION                    ; 9.1                                                                                             ; --                           ; --            ; --             ;
; IP_TOOL_VERSION                    ; 9.1                                                                                             ; --                           ; --            ; --             ;
; IP_TOOL_VERSION                    ; 9.1                                                                                             ; --                           ; --            ; --             ;
; IP_TOOL_VERSION                    ; 9.1                                                                                             ; --                           ; --            ; --             ;
; IP_TOOL_VERSION                    ; 9.1                                                                                             ; --                           ; --            ; --             ;
; IP_TOOL_VERSION                    ; 9.1                                                                                             ; --                           ; --            ; --             ;
; IP_TOOL_VERSION                    ; 9.1                                                                                             ; --                           ; --            ; --             ;
; IP_TOOL_VERSION                    ; 9.1                                                                                             ; --                           ; --            ; --             ;
; IP_TOOL_VERSION                    ; 9.1                                                                                             ; --                           ; --            ; --             ;
; IP_TOOL_VERSION                    ; 9.1                                                                                             ; --                           ; --            ; --             ;
; IP_TOOL_VERSION                    ; 9.1                                                                                             ; --                           ; --            ; --             ;
; IP_TOOL_VERSION                    ; 9.1                                                                                             ; --                           ; --            ; --             ;
; IP_TOOL_VERSION                    ; 9.1                                                                                             ; --                           ; --            ; --             ;
; IP_TOOL_VERSION                    ; 9.1                                                                                             ; --                           ; --            ; --             ;
; IP_TOOL_VERSION                    ; 9.1                                                                                             ; --                           ; --            ; --             ;
; IP_TOOL_VERSION                    ; 9.1                                                                                             ; --                           ; --            ; --             ;
; IP_TOOL_VERSION                    ; 9.1                                                                                             ; --                           ; --            ; --             ;
; IP_TOOL_VERSION                    ; 9.1                                                                                             ; --                           ; --            ; --             ;
; IP_TOOL_VERSION                    ; 9.1                                                                                             ; --                           ; --            ; --             ;
; IP_TOOL_VERSION                    ; 9.1                                                                                             ; --                           ; --            ; --             ;
; IP_TOOL_VERSION                    ; 9.1                                                                                             ; --                           ; --            ; --             ;
; IP_TOOL_VERSION                    ; 9.1                                                                                             ; --                           ; --            ; --             ;
; IP_TOOL_VERSION                    ; 9.1                                                                                             ; --                           ; --            ; --             ;
; IP_TOOL_VERSION                    ; 9.1                                                                                             ; --                           ; --            ; --             ;
; IP_TOOL_VERSION                    ; 9.1                                                                                             ; --                           ; --            ; --             ;
; IP_TOOL_VERSION                    ; 9.1                                                                                             ; --                           ; --            ; --             ;
; IP_TOOL_VERSION                    ; 9.1                                                                                             ; --                           ; --            ; --             ;
; IP_TOOL_VERSION                    ; 9.1                                                                                             ; --                           ; --            ; --             ;
; IP_TOOL_VERSION                    ; 9.1                                                                                             ; --                           ; --            ; --             ;
; IP_TOOL_VERSION                    ; 9.1                                                                                             ; --                           ; --            ; --             ;
; IP_TOOL_VERSION                    ; 9.1                                                                                             ; --                           ; --            ; --             ;
; IP_TOOL_VERSION                    ; 9.1                                                                                             ; --                           ; --            ; --             ;
; IP_TOOL_VERSION                    ; 9.1                                                                                             ; --                           ; --            ; --             ;
; IP_TOOL_VERSION                    ; 9.1                                                                                             ; --                           ; --            ; --             ;
; IP_TOOL_VERSION                    ; 9.1                                                                                             ; --                           ; --            ; --             ;
; IP_TOOL_VERSION                    ; 9.1                                                                                             ; --                           ; --            ; --             ;
; IP_TOOL_VERSION                    ; 9.1                                                                                             ; --                           ; --            ; --             ;
; IP_TOOL_VERSION                    ; 9.1                                                                                             ; --                           ; --            ; --             ;
; IP_TOOL_VERSION                    ; 9.1                                                                                             ; --                           ; --            ; --             ;
; IP_TOOL_VERSION                    ; 9.1                                                                                             ; --                           ; --            ; --             ;
; IP_TOOL_VERSION                    ; 9.1                                                                                             ; --                           ; --            ; --             ;
; IP_TOOL_VERSION                    ; 9.1                                                                                             ; --                           ; --            ; --             ;
; IP_TOOL_VERSION                    ; 9.1                                                                                             ; --                           ; --            ; --             ;
; IP_TOOL_VERSION                    ; 9.1                                                                                             ; --                           ; --            ; --             ;
; IP_TOOL_VERSION                    ; 9.1                                                                                             ; --                           ; --            ; --             ;
; IP_TOOL_VERSION                    ; 9.1                                                                                             ; --                           ; --            ; --             ;
; IP_TOOL_VERSION                    ; 9.1                                                                                             ; --                           ; --            ; --             ;
; IP_TOOL_VERSION                    ; 9.1                                                                                             ; --                           ; --            ; --             ;
; IP_TOOL_VERSION                    ; 9.1                                                                                             ; --                           ; --            ; --             ;
; IP_TOOL_VERSION                    ; 9.1                                                                                             ; --                           ; --            ; --             ;
; IP_TOOL_VERSION                    ; 9.1                                                                                             ; --                           ; --            ; --             ;
; IP_TOOL_VERSION                    ; 9.1                                                                                             ; --                           ; --            ; --             ;
; IP_TOOL_VERSION                    ; 9.1                                                                                             ; --                           ; --            ; --             ;
; IP_TOOL_VERSION                    ; 9.1                                                                                             ; --                           ; --            ; --             ;
; IP_TOOL_VERSION                    ; 9.1                                                                                             ; --                           ; --            ; --             ;
; IP_TOOL_VERSION                    ; 9.1                                                                                             ; --                           ; --            ; --             ;
; IP_TOOL_VERSION                    ; 9.1                                                                                             ; --                           ; --            ; --             ;
; IP_TOOL_VERSION                    ; 9.1                                                                                             ; --                           ; --            ; --             ;
; IP_TOOL_VERSION                    ; 9.1                                                                                             ; --                           ; --            ; --             ;
; IP_TOOL_VERSION                    ; 9.1                                                                                             ; --                           ; --            ; --             ;
; IP_TOOL_VERSION                    ; 9.1                                                                                             ; --                           ; --            ; --             ;
; IP_TOOL_VERSION                    ; 9.1                                                                                             ; --                           ; --            ; --             ;
; IP_TOOL_VERSION                    ; 9.1                                                                                             ; --                           ; --            ; --             ;
; IP_TOOL_VERSION                    ; 9.1                                                                                             ; --                           ; --            ; --             ;
; IP_TOOL_VERSION                    ; 9.1                                                                                             ; --                           ; --            ; --             ;
; IP_TOOL_VERSION                    ; 9.1                                                                                             ; --                           ; --            ; --             ;
; IP_TOOL_VERSION                    ; 9.1                                                                                             ; --                           ; --            ; --             ;
; IP_TOOL_VERSION                    ; 9.1                                                                                             ; --                           ; --            ; --             ;
; IP_TOOL_VERSION                    ; 9.1                                                                                             ; --                           ; --            ; --             ;
; MISC_FILE                          ; C:/altera/91/qdesigns/V1495_USER_DEMO/FIT/SeaQuestTrig1.dpf                                     ; --                           ; --            ; --             ;
; MISC_FILE                          ; C:/altera/91/qdesigns/031111/V1495_USER_DEMO/FIT/SeaQuestTrig1.dpf                              ; --                           ; --            ; --             ;
; MISC_FILE                          ; C:/Users/shshiu/Desktop/temp/from Mr. wu/2level091311/460/V1495_USER_DEMO/FIT/SeaQuestTrig1.dpf ; --                           ; --            ; --             ;
; MISC_FILE                          ; lpm_mux0.tdf                                                                                    ; --                           ; --            ; --             ;
; MISC_FILE                          ; lpm_mux0.bsf                                                                                    ; --                           ; --            ; --             ;
; MISC_FILE                          ; lpm_mux0.inc                                                                                    ; --                           ; --            ; --             ;
; MISC_FILE                          ; lpm_add_sub0.tdf                                                                                ; --                           ; --            ; --             ;
; MISC_FILE                          ; lpm_add_sub0.bsf                                                                                ; --                           ; --            ; --             ;
; MISC_FILE                          ; lpm_add_sub0.inc                                                                                ; --                           ; --            ; --             ;
; MISC_FILE                          ; lpm_mux1.tdf                                                                                    ; --                           ; --            ; --             ;
; MISC_FILE                          ; lpm_mux1.bsf                                                                                    ; --                           ; --            ; --             ;
; MISC_FILE                          ; lpm_mux1.inc                                                                                    ; --                           ; --            ; --             ;
; MISC_FILE                          ; lpm_mux2.tdf                                                                                    ; --                           ; --            ; --             ;
; MISC_FILE                          ; lpm_mux2.bsf                                                                                    ; --                           ; --            ; --             ;
; MISC_FILE                          ; lpm_mux2.inc                                                                                    ; --                           ; --            ; --             ;
; MISC_FILE                          ; lpm_ram_dp0.tdf                                                                                 ; --                           ; --            ; --             ;
; MISC_FILE                          ; lpm_ram_dp0.bsf                                                                                 ; --                           ; --            ; --             ;
; MISC_FILE                          ; lpm_ram_dp0.inc                                                                                 ; --                           ; --            ; --             ;
; MISC_FILE                          ; lpm_add_sub1.tdf                                                                                ; --                           ; --            ; --             ;
; MISC_FILE                          ; lpm_add_sub1.bsf                                                                                ; --                           ; --            ; --             ;
; MISC_FILE                          ; lpm_add_sub1.inc                                                                                ; --                           ; --            ; --             ;
; MISC_FILE                          ; lpm_decode0.tdf                                                                                 ; --                           ; --            ; --             ;
; MISC_FILE                          ; lpm_decode0.bsf                                                                                 ; --                           ; --            ; --             ;
; MISC_FILE                          ; lpm_decode0.inc                                                                                 ; --                           ; --            ; --             ;
; MISC_FILE                          ; lpm_counter0.bsf                                                                                ; --                           ; --            ; --             ;
; MISC_FILE                          ; lpm_counter0.inc                                                                                ; --                           ; --            ; --             ;
; MISC_FILE                          ; lpm_mux3.tdf                                                                                    ; --                           ; --            ; --             ;
; MISC_FILE                          ; lpm_mux3.bsf                                                                                    ; --                           ; --            ; --             ;
; MISC_FILE                          ; lpm_mux3.inc                                                                                    ; --                           ; --            ; --             ;
; MISC_FILE                          ; lpm_mux4.tdf                                                                                    ; --                           ; --            ; --             ;
; MISC_FILE                          ; lpm_mux4.bsf                                                                                    ; --                           ; --            ; --             ;
; MISC_FILE                          ; lpm_mux4.inc                                                                                    ; --                           ; --            ; --             ;
; MISC_FILE                          ; lpm_counter1.tdf                                                                                ; --                           ; --            ; --             ;
; MISC_FILE                          ; lpm_counter1.bsf                                                                                ; --                           ; --            ; --             ;
; MISC_FILE                          ; lpm_counter1.inc                                                                                ; --                           ; --            ; --             ;
; MISC_FILE                          ; lpm_decode1.tdf                                                                                 ; --                           ; --            ; --             ;
; MISC_FILE                          ; lpm_decode1.bsf                                                                                 ; --                           ; --            ; --             ;
; MISC_FILE                          ; lpm_decode1.inc                                                                                 ; --                           ; --            ; --             ;
; MISC_FILE                          ; altpll0.tdf                                                                                     ; --                           ; --            ; --             ;
; MISC_FILE                          ; altpll0.bsf                                                                                     ; --                           ; --            ; --             ;
; MISC_FILE                          ; altpll0.inc                                                                                     ; --                           ; --            ; --             ;
; MISC_FILE                          ; altpll0.ppf                                                                                     ; --                           ; --            ; --             ;
; MISC_FILE                          ; lpm_counter2.bsf                                                                                ; --                           ; --            ; --             ;
; MISC_FILE                          ; lpm_counter2.inc                                                                                ; --                           ; --            ; --             ;
; MISC_FILE                          ; lpm_ram_dp1.tdf                                                                                 ; --                           ; --            ; --             ;
; MISC_FILE                          ; lpm_ram_dp1.bsf                                                                                 ; --                           ; --            ; --             ;
; MISC_FILE                          ; lpm_ram_dp1.inc                                                                                 ; --                           ; --            ; --             ;
; MISC_FILE                          ; lpm_add_sub2.tdf                                                                                ; --                           ; --            ; --             ;
; MISC_FILE                          ; lpm_add_sub2.bsf                                                                                ; --                           ; --            ; --             ;
; MISC_FILE                          ; lpm_add_sub2.inc                                                                                ; --                           ; --            ; --             ;
; MISC_FILE                          ; lpm_compare0.tdf                                                                                ; --                           ; --            ; --             ;
; MISC_FILE                          ; lpm_compare0.bsf                                                                                ; --                           ; --            ; --             ;
; MISC_FILE                          ; lpm_compare0.inc                                                                                ; --                           ; --            ; --             ;
; MISC_FILE                          ; lpm_mux5.tdf                                                                                    ; --                           ; --            ; --             ;
; MISC_FILE                          ; lpm_mux5.bsf                                                                                    ; --                           ; --            ; --             ;
; MISC_FILE                          ; lpm_mux5.inc                                                                                    ; --                           ; --            ; --             ;
; MISC_FILE                          ; lpm_mux6.tdf                                                                                    ; --                           ; --            ; --             ;
; MISC_FILE                          ; lpm_mux6.bsf                                                                                    ; --                           ; --            ; --             ;
; MISC_FILE                          ; lpm_mux6.inc                                                                                    ; --                           ; --            ; --             ;
; MISC_FILE                          ; lpm_counter3.tdf                                                                                ; --                           ; --            ; --             ;
; MISC_FILE                          ; lpm_counter3.bsf                                                                                ; --                           ; --            ; --             ;
; MISC_FILE                          ; lpm_counter3.inc                                                                                ; --                           ; --            ; --             ;
; MISC_FILE                          ; altpll1.tdf                                                                                     ; --                           ; --            ; --             ;
; MISC_FILE                          ; altpll1.bsf                                                                                     ; --                           ; --            ; --             ;
; MISC_FILE                          ; altpll1.cmp                                                                                     ; --                           ; --            ; --             ;
; MISC_FILE                          ; altpll1.ppf                                                                                     ; --                           ; --            ; --             ;
; MISC_FILE                          ; lpm_add_sub3.tdf                                                                                ; --                           ; --            ; --             ;
; MISC_FILE                          ; lpm_add_sub3.bsf                                                                                ; --                           ; --            ; --             ;
; MISC_FILE                          ; lpm_add_sub3.inc                                                                                ; --                           ; --            ; --             ;
; MISC_FILE                          ; lpm_compare1.tdf                                                                                ; --                           ; --            ; --             ;
; MISC_FILE                          ; lpm_compare1.bsf                                                                                ; --                           ; --            ; --             ;
; MISC_FILE                          ; lpm_compare1.inc                                                                                ; --                           ; --            ; --             ;
; MISC_FILE                          ; lpm_mux7.tdf                                                                                    ; --                           ; --            ; --             ;
; MISC_FILE                          ; lpm_mux7.bsf                                                                                    ; --                           ; --            ; --             ;
; MISC_FILE                          ; lpm_mux7.inc                                                                                    ; --                           ; --            ; --             ;
; MISC_FILE                          ; lpm_mux8.tdf                                                                                    ; --                           ; --            ; --             ;
; MISC_FILE                          ; lpm_mux8.bsf                                                                                    ; --                           ; --            ; --             ;
; MISC_FILE                          ; lpm_mux8.inc                                                                                    ; --                           ; --            ; --             ;
; MISC_FILE                          ; lpm_ram_dp2.tdf                                                                                 ; --                           ; --            ; --             ;
; MISC_FILE                          ; lpm_ram_dp2.bsf                                                                                 ; --                           ; --            ; --             ;
; MISC_FILE                          ; lpm_ram_dp2.inc                                                                                 ; --                           ; --            ; --             ;
; MISC_FILE                          ; lpm_counter4.tdf                                                                                ; --                           ; --            ; --             ;
; MISC_FILE                          ; lpm_counter4.bsf                                                                                ; --                           ; --            ; --             ;
; MISC_FILE                          ; lpm_counter4.inc                                                                                ; --                           ; --            ; --             ;
; MISC_FILE                          ; lpm_add_sub4.tdf                                                                                ; --                           ; --            ; --             ;
; MISC_FILE                          ; lpm_add_sub4.bsf                                                                                ; --                           ; --            ; --             ;
; MISC_FILE                          ; lpm_add_sub4.inc                                                                                ; --                           ; --            ; --             ;
; MISC_FILE                          ; lpm_counter5.tdf                                                                                ; --                           ; --            ; --             ;
; MISC_FILE                          ; lpm_counter5.bsf                                                                                ; --                           ; --            ; --             ;
; MISC_FILE                          ; lpm_counter5.inc                                                                                ; --                           ; --            ; --             ;
; MISC_FILE                          ; lpm_counter6.tdf                                                                                ; --                           ; --            ; --             ;
; MISC_FILE                          ; lpm_counter6.bsf                                                                                ; --                           ; --            ; --             ;
; MISC_FILE                          ; lpm_counter6.inc                                                                                ; --                           ; --            ; --             ;
; MISC_FILE                          ; lpm_counter7.tdf                                                                                ; --                           ; --            ; --             ;
; MISC_FILE                          ; lpm_counter7.bsf                                                                                ; --                           ; --            ; --             ;
; MISC_FILE                          ; lpm_counter7.inc                                                                                ; --                           ; --            ; --             ;
; MISC_FILE                          ; lpm_mux9.tdf                                                                                    ; --                           ; --            ; --             ;
; MISC_FILE                          ; lpm_mux9.bsf                                                                                    ; --                           ; --            ; --             ;
; MISC_FILE                          ; lpm_mux9.inc                                                                                    ; --                           ; --            ; --             ;
; MISC_FILE                          ; lpm_counter8.tdf                                                                                ; --                           ; --            ; --             ;
; MISC_FILE                          ; lpm_counter8.bsf                                                                                ; --                           ; --            ; --             ;
; MISC_FILE                          ; lpm_counter8.inc                                                                                ; --                           ; --            ; --             ;
; MISC_FILE                          ; lpm_counter9.tdf                                                                                ; --                           ; --            ; --             ;
; MISC_FILE                          ; lpm_counter9.bsf                                                                                ; --                           ; --            ; --             ;
; MISC_FILE                          ; lpm_counter9.inc                                                                                ; --                           ; --            ; --             ;
; MISC_FILE                          ; lpm_decode2.tdf                                                                                 ; --                           ; --            ; --             ;
; MISC_FILE                          ; lpm_decode2.bsf                                                                                 ; --                           ; --            ; --             ;
; MISC_FILE                          ; lpm_decode2.inc                                                                                 ; --                           ; --            ; --             ;
; MISC_FILE                          ; lpm_mux10.tdf                                                                                   ; --                           ; --            ; --             ;
; MISC_FILE                          ; lpm_mux10.bsf                                                                                   ; --                           ; --            ; --             ;
; MISC_FILE                          ; lpm_mux10.inc                                                                                   ; --                           ; --            ; --             ;
; MISC_FILE                          ; lpm_counter10.tdf                                                                               ; --                           ; --            ; --             ;
; MISC_FILE                          ; lpm_counter10.bsf                                                                               ; --                           ; --            ; --             ;
; MISC_FILE                          ; lpm_counter10.inc                                                                               ; --                           ; --            ; --             ;
; MISC_FILE                          ; lpm_ram_dp3.tdf                                                                                 ; --                           ; --            ; --             ;
; MISC_FILE                          ; lpm_ram_dp3.bsf                                                                                 ; --                           ; --            ; --             ;
; MISC_FILE                          ; lpm_ram_dp3.inc                                                                                 ; --                           ; --            ; --             ;
; MISC_FILE                          ; lpm_ram_dp4.tdf                                                                                 ; --                           ; --            ; --             ;
; MISC_FILE                          ; lpm_ram_dp4.bsf                                                                                 ; --                           ; --            ; --             ;
; MISC_FILE                          ; lpm_ram_dp4.inc                                                                                 ; --                           ; --            ; --             ;
; MISC_FILE                          ; lpm_counter11.tdf                                                                               ; --                           ; --            ; --             ;
; MISC_FILE                          ; lpm_counter11.bsf                                                                               ; --                           ; --            ; --             ;
; MISC_FILE                          ; lpm_counter11.inc                                                                               ; --                           ; --            ; --             ;
; MISC_FILE                          ; lpm_compare2.tdf                                                                                ; --                           ; --            ; --             ;
; MISC_FILE                          ; lpm_compare2.bsf                                                                                ; --                           ; --            ; --             ;
; MISC_FILE                          ; lpm_compare2.inc                                                                                ; --                           ; --            ; --             ;
; MISC_FILE                          ; lpm_compare3.tdf                                                                                ; --                           ; --            ; --             ;
; MISC_FILE                          ; lpm_compare3.bsf                                                                                ; --                           ; --            ; --             ;
; MISC_FILE                          ; lpm_compare3.inc                                                                                ; --                           ; --            ; --             ;
; MISC_FILE                          ; lpm_add_sub5.tdf                                                                                ; --                           ; --            ; --             ;
; MISC_FILE                          ; lpm_add_sub5.bsf                                                                                ; --                           ; --            ; --             ;
; MISC_FILE                          ; lpm_add_sub5.inc                                                                                ; --                           ; --            ; --             ;
; MISC_FILE                          ; lpm_add_sub6.tdf                                                                                ; --                           ; --            ; --             ;
; MISC_FILE                          ; lpm_add_sub6.bsf                                                                                ; --                           ; --            ; --             ;
; MISC_FILE                          ; lpm_add_sub6.inc                                                                                ; --                           ; --            ; --             ;
; MISC_FILE                          ; lpm_mux11.bsf                                                                                   ; --                           ; --            ; --             ;
; MISC_FILE                          ; lpm_mux11.cmp                                                                                   ; --                           ; --            ; --             ;
; MISC_FILE                          ; lpm_counter12.bsf                                                                               ; --                           ; --            ; --             ;
; MISC_FILE                          ; lpm_counter12.cmp                                                                               ; --                           ; --            ; --             ;
; MISC_FILE                          ; lpm_compare4.bsf                                                                                ; --                           ; --            ; --             ;
; MISC_FILE                          ; lpm_compare4.cmp                                                                                ; --                           ; --            ; --             ;
; MISC_FILE                          ; lpm_counter13.bsf                                                                               ; --                           ; --            ; --             ;
; MISC_FILE                          ; lpm_counter13.cmp                                                                               ; --                           ; --            ; --             ;
; MISC_FILE                          ; lpm_mux12.bsf                                                                                   ; --                           ; --            ; --             ;
; MISC_FILE                          ; lpm_mux12.cmp                                                                                   ; --                           ; --            ; --             ;
; MISC_FILE                          ; lpm_counter14.bsf                                                                               ; --                           ; --            ; --             ;
; MISC_FILE                          ; lpm_compare5.bsf                                                                                ; --                           ; --            ; --             ;
; MISC_FILE                          ; lpm_compare6.bsf                                                                                ; --                           ; --            ; --             ;
; MISC_FILE                          ; lpm_counter15.bsf                                                                               ; --                           ; --            ; --             ;
; MISC_FILE                          ; lpm_counter15.inc                                                                               ; --                           ; --            ; --             ;
; MISC_FILE                          ; lpm_counter16.bsf                                                                               ; --                           ; --            ; --             ;
; MISC_FILE                          ; lpm_counter16.inc                                                                               ; --                           ; --            ; --             ;
; MISC_FILE                          ; lpm_counter17.bsf                                                                               ; --                           ; --            ; --             ;
; MISC_FILE                          ; lpm_compare7.bsf                                                                                ; --                           ; --            ; --             ;
; MISC_FILE                          ; lpm_mux13.bsf                                                                                   ; --                           ; --            ; --             ;
; MISC_FILE                          ; lpm_ram_dp5.bsf                                                                                 ; --                           ; --            ; --             ;
; MISC_FILE                          ; lpm_counter18.bsf                                                                               ; --                           ; --            ; --             ;
; MISC_FILE                          ; lpm_counter18.inc                                                                               ; --                           ; --            ; --             ;
; MISC_FILE                          ; lpm_compare8.bsf                                                                                ; --                           ; --            ; --             ;
; MISC_FILE                          ; lpm_compare8.inc                                                                                ; --                           ; --            ; --             ;
; MISC_FILE                          ; lpm_counter19.bsf                                                                               ; --                           ; --            ; --             ;
; MISC_FILE                          ; lpm_counter19.inc                                                                               ; --                           ; --            ; --             ;
; MISC_FILE                          ; lpm_mux14.bsf                                                                                   ; --                           ; --            ; --             ;
; MISC_FILE                          ; lpm_mux14.inc                                                                                   ; --                           ; --            ; --             ;
; MISC_FILE                          ; lpm_mux15.bsf                                                                                   ; --                           ; --            ; --             ;
; MISC_FILE                          ; lpm_mux15.inc                                                                                   ; --                           ; --            ; --             ;
; MISC_FILE                          ; lpm_compare9.bsf                                                                                ; --                           ; --            ; --             ;
; MISC_FILE                          ; lpm_compare9.inc                                                                                ; --                           ; --            ; --             ;
; MISC_FILE                          ; lpm_counter20.bsf                                                                               ; --                           ; --            ; --             ;
; MISC_FILE                          ; lpm_counter20.inc                                                                               ; --                           ; --            ; --             ;
; MISC_FILE                          ; lpm_mux16.bsf                                                                                   ; --                           ; --            ; --             ;
; MISC_FILE                          ; lpm_mux16.inc                                                                                   ; --                           ; --            ; --             ;
; MISC_FILE                          ; lpm_mux17.bsf                                                                                   ; --                           ; --            ; --             ;
; MISC_FILE                          ; lpm_mux17.inc                                                                                   ; --                           ; --            ; --             ;
; MISC_FILE                          ; lpm_mux18.bsf                                                                                   ; --                           ; --            ; --             ;
; MISC_FILE                          ; lpm_mux18.inc                                                                                   ; --                           ; --            ; --             ;
; MISC_FILE                          ; lpm_counter21.bsf                                                                               ; --                           ; --            ; --             ;
; MISC_FILE                          ; lpm_counter21.inc                                                                               ; --                           ; --            ; --             ;
; PARTITION_COLOR                    ; 16764057                                                                                        ; --                           ; SeaQuestTrig2 ; Top            ;
; PARTITION_NETLIST_TYPE             ; SOURCE                                                                                          ; --                           ; SeaQuestTrig2 ; Top            ;
; SYNTH_TIMING_DRIVEN_SYNTHESIS      ; Off                                                                                             ; --                           ; --            ; --             ;
; TOP_LEVEL_ENTITY                   ; SeaQuestTrig2                                                                                   ; SeaQuestTrig1                ; --            ; --             ;
; USE_GENERATED_PHYSICAL_CONSTRAINTS ; Off                                                                                             ; --                           ; --            ; eda_blast_fpga ;
+------------------------------------+-------------------------------------------------------------------------------------------------+------------------------------+---------------+----------------+


+-----------------------------------------------------------------------------------------------------------------------------+
; Flow Elapsed Time                                                                                                           ;
+-------------------------+--------------+-------------------------+---------------------+------------------------------------+
; Module Name             ; Elapsed Time ; Average Processors Used ; Peak Virtual Memory ; Total CPU Time (on all processors) ;
+-------------------------+--------------+-------------------------+---------------------+------------------------------------+
; Analysis & Synthesis    ; 00:00:45     ; 1.0                     ; 354 MB              ; 00:00:42                           ;
; Fitter                  ; 00:01:26     ; 1.0                     ; 328 MB              ; 00:01:27                           ;
; Assembler               ; 00:00:02     ; 1.0                     ; 254 MB              ; 00:00:02                           ;
; Classic Timing Analyzer ; 00:00:02     ; 1.0                     ; 208 MB              ; 00:00:03                           ;
; Total                   ; 00:02:15     ; --                      ; --                  ; 00:02:14                           ;
+-------------------------+--------------+-------------------------+---------------------+------------------------------------+


+------------------------------------------------------------------------------------------+
; Flow OS Summary                                                                          ;
+-------------------------+------------------+---------------+------------+----------------+
; Module Name             ; Machine Hostname ; OS Name       ; OS Version ; Processor type ;
+-------------------------+------------------+---------------+------------+----------------+
; Analysis & Synthesis    ; E906-PC          ; Windows Vista ; 6.1        ; x86_64         ;
; Fitter                  ; E906-PC          ; Windows Vista ; 6.1        ; x86_64         ;
; Assembler               ; E906-PC          ; Windows Vista ; 6.1        ; x86_64         ;
; Classic Timing Analyzer ; E906-PC          ; Windows Vista ; 6.1        ; x86_64         ;
+-------------------------+------------------+---------------+------------+----------------+


------------
; Flow Log ;
------------
quartus_map --read_settings_files=on --write_settings_files=off SeaQuestTrig1 -c SeaQuestTrig1
quartus_fit --read_settings_files=off --write_settings_files=off SeaQuestTrig1 -c SeaQuestTrig1
quartus_asm --read_settings_files=off --write_settings_files=off SeaQuestTrig1 -c SeaQuestTrig1
quartus_tan --read_settings_files=off --write_settings_files=off SeaQuestTrig1 -c SeaQuestTrig1 --timing_analysis_only



